2020-06-30 08:55:25,562 - get_token - INFO - 获取 [access_token] 成功：eyJhbGciOiJSUzI1NiIsInR5cCI6IkpXVCJ9.eyJhdWQiOiJ0ZXN0YXBwMiIsImV4cCI6MTU5MzQ4NTcyNiwic3ViIjoiMGJhYWEyOGUtZGQxOC00NDg2LTg2ZDMtNTQ1MTkzMDdmMGFhIiwic2NvcGUiOiJiYXNpYyJ9.rWBL3WEpZDvwj00yRXeQbLXuDG9fXWQO3Dm9J3BrtKvI0VvWGZYX_xXnAiC1kUjhYgTUTbbEKYD7ykZaM0ALE1lNvqOo0JX24x05YgHpa1eynraJS5pBGTM54VkH1SaJCwCt0Yh7SK3pD_CxI2uIwQJNcJ0MhNFuXovoCMjqTkE
2020-06-30 09:55:32,445 - get_token - INFO - 获取 [access_token] 成功：eyJhbGciOiJSUzI1NiIsInR5cCI6IkpXVCJ9.eyJhdWQiOiJ0ZXN0YXBwMiIsImV4cCI6MTU5MzQ4OTMzMywic3ViIjoiMGJhYWEyOGUtZGQxOC00NDg2LTg2ZDMtNTQ1MTkzMDdmMGFhIiwic2NvcGUiOiJiYXNpYyJ9.k45oKHYrSr1JtdVvF-7ZIuHC3skSn7kbetjyk8sqVAivMFvuTDHvKLk2B9sEe3bwBXvSrPKFspGuaHa_KEtVwBBY3XFfwJ6UjOo0I1l8DIFZ5YOQM-_DGtxoEpUeJBYxfWrhDcs_2VchddFbyrtwP6kMUArFMjexeKsgE5QeixI
2020-06-30 09:55:39,123 - test_Deposit_004 - ERROR -  :: 100 != 8
2020-06-30 09:56:32,100 - get_token - INFO - 获取 [access_token] 成功：eyJhbGciOiJSUzI1NiIsInR5cCI6IkpXVCJ9.eyJhdWQiOiJ0ZXN0YXBwMiIsImV4cCI6MTU5MzQ4OTM5Miwic3ViIjoiMGJhYWEyOGUtZGQxOC00NDg2LTg2ZDMtNTQ1MTkzMDdmMGFhIiwic2NvcGUiOiJiYXNpYyJ9.etJoBA0sEHOIYHR3j8WzNAxiqTgO9UAoZDaq5XfGIYix9XR5d0SX1v-IXG-y0ZaCAisTUBhq3TNR1SSi_Lf3pR6pnO5CIqlv2UqMMRgAUYtcX6A9_v0ukcnTvBGs7yn-t-NdZrEmGVmHjAvOn-gfvQvWrevQvDQ438sKKC_I-Qc
2020-06-30 10:03:49,324 - get_token - INFO - 获取 [access_token] 成功：eyJhbGciOiJSUzI1NiIsInR5cCI6IkpXVCJ9.eyJhdWQiOiJ0ZXN0YXBwMiIsImV4cCI6MTU5MzQ4OTgyOSwic3ViIjoiMGJhYWEyOGUtZGQxOC00NDg2LTg2ZDMtNTQ1MTkzMDdmMGFhIiwic2NvcGUiOiJiYXNpYyJ9.C-RMv45QpOnNVThG38sfgRoVhcnYDKpJI-2R28p3Gvhp-DfchgQ6CLEXI9oL8nkWGS4akEnC2p2KOnubPRaKHacRp_topUjy6iXXdiKF_WYYsDO1oaS7mYP_VG9qsOiBVpcHCyoY93i0zkZ4oFWPUs034hYumGIE0kqL-TIX6OM
2020-06-30 10:03:57,015 - test_Deposit_004 - ERROR -  :: 100 != 8
2020-06-30 10:04:18,722 - get_token - INFO - 获取 [access_token] 成功：eyJhbGciOiJSUzI1NiIsInR5cCI6IkpXVCJ9.eyJhdWQiOiJ0ZXN0YXBwMiIsImV4cCI6MTU5MzQ4OTg1OSwic3ViIjoiMGJhYWEyOGUtZGQxOC00NDg2LTg2ZDMtNTQ1MTkzMDdmMGFhIiwic2NvcGUiOiJiYXNpYyJ9.NVmvxnYq5zNp5KaOrQfpy3WEbbL8DF8OtUDRbL6HFWm6aAXy6fC_kdnEOw1w9dflLEBzZXpoo-7ztOR8DzzTt_mGxzB_VZxxrJ6-cJCQzEWgr8QI_qJsQYe-AMDS6jfVsVFrOm_gyeXvmBNSIWAcCJdY-yQ6YtVk0Oom1glxYO4
2020-06-30 10:07:17,928 - get_token - INFO - 获取 [access_token] 成功：eyJhbGciOiJSUzI1NiIsInR5cCI6IkpXVCJ9.eyJhdWQiOiJ0ZXN0YXBwMiIsImV4cCI6MTU5MzQ5MDAzOCwic3ViIjoiMGJhYWEyOGUtZGQxOC00NDg2LTg2ZDMtNTQ1MTkzMDdmMGFhIiwic2NvcGUiOiJiYXNpYyJ9.WGPQm2Qxwdwq9LqE-xt_uS0fHcvMdV8DDSYgvTJZyvAQ7aDooPzBVYKguOhUx9aPTgkd_WQ26mG_qO4QajQfHowSYqI1bnR4mbh8jQ42rM_eTKqFkmgIYy4QoD9xlQBhQTBXd4jk7uy6RCN_mzq-Y51TcyiBZW2SRYMxHVB-Trw
2020-06-30 10:07:29,855 - test_Deposit_004 - ERROR -  :: 100 != 2
2020-06-30 10:07:50,792 - get_token - INFO - 获取 [access_token] 成功：eyJhbGciOiJSUzI1NiIsInR5cCI6IkpXVCJ9.eyJhdWQiOiJ0ZXN0YXBwMiIsImV4cCI6MTU5MzQ5MDA3MSwic3ViIjoiMGJhYWEyOGUtZGQxOC00NDg2LTg2ZDMtNTQ1MTkzMDdmMGFhIiwic2NvcGUiOiJiYXNpYyJ9.hES1m5H0T8-22WMg9j8aybt4IK3xxzSoRKX2UjKVy9Ax46uTwbAt1-dlF5W_WGaQ6J7IPMwLKeBsxBQjPmFSzr1xLuY4kGoNcE83fkcNZA2IBTVqyiqKB8kSzmlN__GTELicTx9dGUnLaT1qZh2wdW_e2A8XsGhVvsklT16rJto
2020-06-30 10:08:00,237 - test_Deposit_004 - ERROR -  :: 100 != 1
2020-06-30 10:08:13,409 - get_token - INFO - 获取 [access_token] 成功：eyJhbGciOiJSUzI1NiIsInR5cCI6IkpXVCJ9.eyJhdWQiOiJ0ZXN0YXBwMiIsImV4cCI6MTU5MzQ5MDA5NCwic3ViIjoiMGJhYWEyOGUtZGQxOC00NDg2LTg2ZDMtNTQ1MTkzMDdmMGFhIiwic2NvcGUiOiJiYXNpYyJ9.OLFxN3g_66Uis5J5Wu_HZGCxLkhCl09nHhQa2S3Zq4U9s6T6QQM6lHoWYgpITza4swO7dO8bIUihbBMvKWmY5LxTnehQH0QSGp1J9Sct5oOE4jXNQ2ne3ZKtWiek61xxOi_fEetnIbMdOxdZZ-3_KZ63IIwaAD09RctfaLyktQY
2020-06-30 10:08:20,872 - test_Deposit_004 - ERROR -  :: 100 != 1
2020-06-30 10:08:30,338 - get_token - INFO - 获取 [access_token] 成功：eyJhbGciOiJSUzI1NiIsInR5cCI6IkpXVCJ9.eyJhdWQiOiJ0ZXN0YXBwMiIsImV4cCI6MTU5MzQ5MDExMSwic3ViIjoiMGJhYWEyOGUtZGQxOC00NDg2LTg2ZDMtNTQ1MTkzMDdmMGFhIiwic2NvcGUiOiJiYXNpYyJ9.ITzALEF-V438oemFnzelOgDzp5aptPiWbISf5uQkl0IEG_yA3H5QKxPJmMZOAYrBLatQjtwSLDGMyW5kcHf6Opc7AOnr3TElyS0EZ0PiivZPNLu3nDRrWJM3bSEZhKWDEZXsDALZMNsXuEs9N0-MhBkwOY20ZZuCMBLJuM64SX0
2020-06-30 10:08:37,271 - test_Deposit_004 - ERROR -  :: 100 != 1
2020-06-30 10:11:23,365 - get_token - INFO - 获取 [access_token] 成功：eyJhbGciOiJSUzI1NiIsInR5cCI6IkpXVCJ9.eyJhdWQiOiJ0ZXN0YXBwMiIsImV4cCI6MTU5MzQ5MDI4NCwic3ViIjoiMGJhYWEyOGUtZGQxOC00NDg2LTg2ZDMtNTQ1MTkzMDdmMGFhIiwic2NvcGUiOiJiYXNpYyJ9.EgqVV7ZlexvGkMInQzbnD_7BTEQuZbW028xrgZz6nQ0MwwRATUhqXSh0qlwKWczoL6UtZvm95nYnav2MpP-q0QdY--iWmviIwzQfhmSVBUHLA7KXAO5iRjlcny6tA5ansAU3fqnUizRVpWPcZ2Y74Bzxl-HMasNb8OzzxSwNxGw
2020-06-30 10:12:07,585 - get_token - INFO - 获取 [access_token] 成功：eyJhbGciOiJSUzI1NiIsInR5cCI6IkpXVCJ9.eyJhdWQiOiJ0ZXN0YXBwMiIsImV4cCI6MTU5MzQ5MDMyOCwic3ViIjoiMGJhYWEyOGUtZGQxOC00NDg2LTg2ZDMtNTQ1MTkzMDdmMGFhIiwic2NvcGUiOiJiYXNpYyJ9.kWVVu1U6TTtZxLPYvuouXrmofy8FmZTUa51Ut_GXNjDvttKq3IHEwSo6ITWlD6NxOhcoK_eGKCI0fbLprwk-LMWVQM9IWDPLD_EqNOtkLvyhG1-EI6MIWMfrXJBFqIvjmZoFT9HcaHiRn8BVt67gD3koo1aqT-giEl_t2iLIhoA
2020-06-30 10:12:47,702 - get_token - INFO - 获取 [access_token] 成功：eyJhbGciOiJSUzI1NiIsInR5cCI6IkpXVCJ9.eyJhdWQiOiJ0ZXN0YXBwMiIsImV4cCI6MTU5MzQ5MDM2OCwic3ViIjoiMGJhYWEyOGUtZGQxOC00NDg2LTg2ZDMtNTQ1MTkzMDdmMGFhIiwic2NvcGUiOiJiYXNpYyJ9.TmFkTz28jL2uxxbLx-X235w22jVewFcRpHw45N9_3K2H32JNJHtEBKhTu64aa7rKQqOI5Ugxm8ryzMKDjSvWBkcjLkODj09z8NBdsyXeDo7xWVjCkn1LsJTUF4IFPTUCm9BmIRGmq-lICv5763ZIAiC0ZH7UC_8ubkcA185hdK4
2020-06-30 10:12:54,916 - test_Deposit_004 - ERROR -  :: 100 != 1
2020-06-30 10:13:07,714 - get_token - INFO - 获取 [access_token] 成功：eyJhbGciOiJSUzI1NiIsInR5cCI6IkpXVCJ9.eyJhdWQiOiJ0ZXN0YXBwMiIsImV4cCI6MTU5MzQ5MDM4OCwic3ViIjoiMGJhYWEyOGUtZGQxOC00NDg2LTg2ZDMtNTQ1MTkzMDdmMGFhIiwic2NvcGUiOiJiYXNpYyJ9.p2J2PQPpsLN1BJ9xik9EnZc4kuIc_c6LTnzbAvX5HtL9Hvrgbj7-juK6i4_lrVTLOPsc4FiSYmUMfDB7w--EwgaMnDXtvIHpgPzZI5ZLGq3GTVkThmhWCf22ab_TAlpSKVlMR12HheIVKzn2snmdtv4gbkGB4hM_IlVDASccPYU
2020-06-30 10:26:47,864 - get_token - INFO - 获取 [access_token] 成功：eyJhbGciOiJSUzI1NiIsInR5cCI6IkpXVCJ9.eyJhdWQiOiJ0ZXN0YXBwMiIsImV4cCI6MTU5MzQ5MTIwOCwic3ViIjoiMGJhYWEyOGUtZGQxOC00NDg2LTg2ZDMtNTQ1MTkzMDdmMGFhIiwic2NvcGUiOiJiYXNpYyJ9.g8yh5xNNjQ6b_bIQfTVgPmKIHMLCvihd4gUgLl9QG06GxR01KS9r356wEWagVEuJRf8HtPMrk0fS7qtjlaUF9xDSHJ2uqjYBAxyLsKmFZ9HEtwA520YlGvGCdHmTvq4EyWjnMSdeL9772gTRrLMQrsQInSWPwo99s61YPLkYOao
2020-06-30 10:43:10,460 - get_token - INFO - 获取 [access_token] 成功：eyJhbGciOiJSUzI1NiIsInR5cCI6IkpXVCJ9.eyJhdWQiOiJ0ZXN0YXBwMiIsImV4cCI6MTU5MzQ5MjE5MSwic3ViIjoiMGJhYWEyOGUtZGQxOC00NDg2LTg2ZDMtNTQ1MTkzMDdmMGFhIiwic2NvcGUiOiJiYXNpYyJ9.nwS8ji0H4Q2zz7n4Jgtmr71ZqUTaHAwVj2Gj0-_UYWyOog2es11pzO5oIlrFMm09CFzQGHvZVp3944frsTb9MIlmfW56Xz9Dwz1tFjJdTJ1pIpU_P7LpK-zxdfCLey2ET0gd1bjxZ-sn_w9uoVgg3p-G5wkZvNE2m4FE4csJGww
2020-06-30 10:52:12,214 - get_token - INFO - 获取 [access_token] 成功：eyJhbGciOiJSUzI1NiIsInR5cCI6IkpXVCJ9.eyJhdWQiOiJ0ZXN0YXBwMiIsImV4cCI6MTU5MzQ5MjczMiwic3ViIjoiMGJhYWEyOGUtZGQxOC00NDg2LTg2ZDMtNTQ1MTkzMDdmMGFhIiwic2NvcGUiOiJiYXNpYyJ9.ESGIT5Evj8ZB1Pmebq5ZxCoQp7JUvUeaT2dZxgtyv91-yyVTUqasoF56bfwmvf2tk59NVlASTJc8ZljA-z84YhpC7zJsacK_ERmMA7vix05oO0sdgzY_-Y09s12yR26AoQ8fvwhHEqHiQkM6V3Nah_mtUBOlohLdaK6vC6zs7QM
2020-06-30 10:53:16,793 - get_token - INFO - 获取 [access_token] 成功：eyJhbGciOiJSUzI1NiIsInR5cCI6IkpXVCJ9.eyJhdWQiOiJ0ZXN0YXBwMiIsImV4cCI6MTU5MzQ5Mjc5Nywic3ViIjoiMGJhYWEyOGUtZGQxOC00NDg2LTg2ZDMtNTQ1MTkzMDdmMGFhIiwic2NvcGUiOiJiYXNpYyJ9.F-Zfbufe2uVRitkaYtqX3Gr9YI4Inju2hdh0HDB31kDKzceGg7R2uBxbVZOwcDEcxIW-HLOr0mmS79O-dpv9MmkDiDKc1riu-2SaexCNGaRhFJW6zBx9NZzKISbDqxghKYsHqzg2RTVAc5iqss0iP13pgssOm3bPobOugip36bc
2020-06-30 10:53:55,747 - get_token - INFO - 获取 [access_token] 成功：eyJhbGciOiJSUzI1NiIsInR5cCI6IkpXVCJ9.eyJhdWQiOiJ0ZXN0YXBwMiIsImV4cCI6MTU5MzQ5MjgzNiwic3ViIjoiMGJhYWEyOGUtZGQxOC00NDg2LTg2ZDMtNTQ1MTkzMDdmMGFhIiwic2NvcGUiOiJiYXNpYyJ9.SwSJGHZiFVxuNGh8i2OxZPMlUQyLHbexh9-6_OuxL6PqKCkL--xsZw19i7Qex9R3s68BUrIFn_5BjYs3bF1hFt3D0owxkZOLCW4OOgvzvhK2rR7d737jtcdLdPI9fLxdf7R7Ne6h29LRR9GtW2-ZVJhzZquIwCYB7BX7sjNllQw
2020-06-30 10:54:36,862 - get_token - INFO - 获取 [access_token] 成功：eyJhbGciOiJSUzI1NiIsInR5cCI6IkpXVCJ9.eyJhdWQiOiJ0ZXN0YXBwMiIsImV4cCI6MTU5MzQ5Mjg3Nywic3ViIjoiMGJhYWEyOGUtZGQxOC00NDg2LTg2ZDMtNTQ1MTkzMDdmMGFhIiwic2NvcGUiOiJiYXNpYyJ9.PnKIrNgC2TAH62G11lki3az0Dq-drtYiiG1uglqom9RvWr1R1lpWnlcTdtSwOUYP7QqO4zBcVVy21VlOcjHJnSPF2h7xfrIEqcr4md1Xs-kC1F1BNErHjaGgl0x04TyoitS7V4t8CXQazn8L79L79m3Lj9h_27M49lvokW3S5-k
2020-06-30 10:56:24,033 - get_token - INFO - 获取 [access_token] 成功：eyJhbGciOiJSUzI1NiIsInR5cCI6IkpXVCJ9.eyJhdWQiOiJ0ZXN0YXBwMiIsImV4cCI6MTU5MzQ5Mjk4NCwic3ViIjoiMGJhYWEyOGUtZGQxOC00NDg2LTg2ZDMtNTQ1MTkzMDdmMGFhIiwic2NvcGUiOiJiYXNpYyJ9.E5TWYpxcr6kz1SFvDQDHM6rrUNAgYiAXbNJsnW_h7EDI17fsIBvYy3oAPwcbPOiShO3WeOfU3DPg6g5vdImoaAfOM_OSd8-O0J4fmksaS6P2vVO53hNYdjQMsOgVTEM3H26LJMuCuWMajAVuDjggtggMLR83ssUt9KHpbt21_Zc
2020-06-30 10:57:30,099 - get_token - INFO - 获取 [access_token] 成功：eyJhbGciOiJSUzI1NiIsInR5cCI6IkpXVCJ9.eyJhdWQiOiJ0ZXN0YXBwMiIsImV4cCI6MTU5MzQ5MzA1MCwic3ViIjoiMGJhYWEyOGUtZGQxOC00NDg2LTg2ZDMtNTQ1MTkzMDdmMGFhIiwic2NvcGUiOiJiYXNpYyJ9.PSVLSYzK0gtFwxxf1CmvmNRJ0V9VgbL-TDoR0fI4zOZwgXsnk6avfkjg8RB3VRHo_jkR2kpYoCB-ghSIlvLwit_H_W3TkDP9jTwLeHRMP82SLCJt7W-1Z0gDTcjehRX0QpOc3em_aj7NiBeae_pNtEy1Tpdabo9pGPvvUVXHi7I
2020-06-30 10:57:55,769 - get_token - INFO - 获取 [access_token] 成功：eyJhbGciOiJSUzI1NiIsInR5cCI6IkpXVCJ9.eyJhdWQiOiJ0ZXN0YXBwMiIsImV4cCI6MTU5MzQ5MzA3Niwic3ViIjoiMGJhYWEyOGUtZGQxOC00NDg2LTg2ZDMtNTQ1MTkzMDdmMGFhIiwic2NvcGUiOiJiYXNpYyJ9.Bx_xSfyFW-kiyxiMiaFZSvVsRNpwI-srKBPK1s-aDjuWFYweI-bATn9fFBqCD8-J4oE66zhsdlvztc7QEx7Hlw__EI0FTqLgQuUkKGgzwamHWiIGOHFQMsSInipXqmvji4Hev9-5PRmDdjrrIco9oChsD9vPwsJypW1afP81X8Y
2020-06-30 10:59:06,600 - get_token - INFO - 获取 [access_token] 成功：eyJhbGciOiJSUzI1NiIsInR5cCI6IkpXVCJ9.eyJhdWQiOiJ0ZXN0YXBwMiIsImV4cCI6MTU5MzQ5MzE0Nywic3ViIjoiMGJhYWEyOGUtZGQxOC00NDg2LTg2ZDMtNTQ1MTkzMDdmMGFhIiwic2NvcGUiOiJiYXNpYyJ9.I6FjsQdck4Ix4qzjSPNZ7DQKG0SMQu6Lcg4rodjY_UErzMRljXzxp6b3sakLPWJUCT8fvk-Gd_JWXZJB7HCr-tTSTGuDBCbv1SLGI7z34_EFnZ7E_Zc9kaWrAO9ya-W5a8XJhBUII94sqv9y9FAt9O9hTKvd2qcsCSXnuWtNG8c
2020-06-30 10:59:17,079 - test_Deposit_006 - ERROR - '请滑动并阅读所有' != ''
- 请滑动并阅读所有
+ 

2020-06-30 11:00:24,977 - get_token - INFO - 获取 [access_token] 成功：eyJhbGciOiJSUzI1NiIsInR5cCI6IkpXVCJ9.eyJhdWQiOiJ0ZXN0YXBwMiIsImV4cCI6MTU5MzQ5MzIyNSwic3ViIjoiMGJhYWEyOGUtZGQxOC00NDg2LTg2ZDMtNTQ1MTkzMDdmMGFhIiwic2NvcGUiOiJiYXNpYyJ9.i33to459bpjJfTYjZOhPaeLDyh89dvc2z3pO3GL_jNltVSloTCzDfJBIoHJvpxSWv_PG3VNjGmcamauujPbtA9SzqOMVKDG3_Ar4T5Pbx7yDNcY8CqoQpppps-1a4TRaBxhEoldk2sBURWRlAY6z7EBoG8sNJL5kxaK-i64yEGI
2020-06-30 11:10:56,530 - get_token - INFO - 获取 [access_token] 成功：eyJhbGciOiJSUzI1NiIsInR5cCI6IkpXVCJ9.eyJhdWQiOiJ0ZXN0YXBwMiIsImV4cCI6MTU5MzQ5Mzg1Nywic3ViIjoiMGJhYWEyOGUtZGQxOC00NDg2LTg2ZDMtNTQ1MTkzMDdmMGFhIiwic2NvcGUiOiJiYXNpYyJ9.jbKR5toc2Nu0CsiEE5QpHNiKkmZltSgCi4IDad9VpZm1TijNvtlkCt8-7uafV6s4C6w5bozUs8XB5RMyfTwi09I5SzLFPkV3Q5wZ2z6aCEA_0YTXbuyZjOybxL5y10jrT3RzmjtdHkXbgRrcy-I7d6cjA-V-yU7eMx7VSiq3DIM
2020-06-30 11:11:04,528 - test_Deposit_004 - ERROR -  :: 100 != 1,234,567.89
2020-06-30 11:11:50,970 - get_token - INFO - 获取 [access_token] 成功：eyJhbGciOiJSUzI1NiIsInR5cCI6IkpXVCJ9.eyJhdWQiOiJ0ZXN0YXBwMiIsImV4cCI6MTU5MzQ5MzkxMSwic3ViIjoiMGJhYWEyOGUtZGQxOC00NDg2LTg2ZDMtNTQ1MTkzMDdmMGFhIiwic2NvcGUiOiJiYXNpYyJ9.qJvmWki9ALLOFmh_IOV0aPAd-V3UfK4jZ9S8L6oTIt9nk6lDLXuZnzAQUrGNbgvt8hMRnYsMjO_G58rDKO0zucW2dE-EqSA8xKMhR2N3AyCGTWGpJLLYS1IrDyBEG0sPQNpUVvcFhIJNk12v-HGFeXjRRknwQIWBR8i9dtncLtQ
2020-06-30 11:11:58,845 - test_Deposit_004 - ERROR -  :: 100 != 1,234,567.8
2020-06-30 11:12:54,707 - get_token - INFO - 获取 [access_token] 成功：eyJhbGciOiJSUzI1NiIsInR5cCI6IkpXVCJ9.eyJhdWQiOiJ0ZXN0YXBwMiIsImV4cCI6MTU5MzQ5Mzk3NSwic3ViIjoiMGJhYWEyOGUtZGQxOC00NDg2LTg2ZDMtNTQ1MTkzMDdmMGFhIiwic2NvcGUiOiJiYXNpYyJ9.paM3ultr7--YGf6WPORm3vfzA4XJuh9j-Fe4iOVH0psrSDX__V4CW5AxKb-WJELhQP4wxIjGMbpMfiMvDCwAmCHC3Hw9JKjpZTn59LLBGOXH7Q8nRac3l5fy04apyZkyvlyNXTQBcM3R2jONmjyTITH5xPJpGNwd5CcX5_arz6M
2020-06-30 11:13:02,979 - test_Deposit_004 - ERROR -  :: 100 != 1,234,567.8
2020-06-30 11:13:11,380 - get_token - INFO - 获取 [access_token] 成功：eyJhbGciOiJSUzI1NiIsInR5cCI6IkpXVCJ9.eyJhdWQiOiJ0ZXN0YXBwMiIsImV4cCI6MTU5MzQ5Mzk5Miwic3ViIjoiMGJhYWEyOGUtZGQxOC00NDg2LTg2ZDMtNTQ1MTkzMDdmMGFhIiwic2NvcGUiOiJiYXNpYyJ9.icVxPnEvVaSTL41xBfJqn_1jf-f6IrPpKbbMmEdEdA4gIeFYhr2gM_v-k4IY6z2k29q5Tvfo-O3PMQFadVMe37TXWC0FaEoo3cKJGxkp8oBtFzH1iIkeLd6Tk-jOZYBXGK3UW_Ar3SVY1JIDfJ9i3p8RdRTGOAx6Y1yoSvpfXRk
2020-06-30 11:13:19,184 - test_Deposit_004 - ERROR -  :: 100 != 1,234,567.89
2020-06-30 11:13:34,795 - get_token - INFO - 获取 [access_token] 成功：eyJhbGciOiJSUzI1NiIsInR5cCI6IkpXVCJ9.eyJhdWQiOiJ0ZXN0YXBwMiIsImV4cCI6MTU5MzQ5NDAxNSwic3ViIjoiMGJhYWEyOGUtZGQxOC00NDg2LTg2ZDMtNTQ1MTkzMDdmMGFhIiwic2NvcGUiOiJiYXNpYyJ9.CTXnRNHPeGaWeMa_pWOcjj0XQXrFf0xcvYwuTo0nXCsByAJoAdtgtlvAm7ZsIxm_WJgnu-SToOqe2Gdby4Jm424rmoALemx1HP3vtHT4sWcHwkBm7_M0N3JpTl2p_XNm798oe5ECC0YGrY1qEV2fsHKQkUZl-uYlxB_Zdg5p8QY
2020-06-30 13:39:28,302 - get_token - INFO - 获取 [access_token] 成功：eyJhbGciOiJSUzI1NiIsInR5cCI6IkpXVCJ9.eyJhdWQiOiJ0ZXN0YXBwMiIsImV4cCI6MTU5MzUwMjc2OCwic3ViIjoiMGJhYWEyOGUtZGQxOC00NDg2LTg2ZDMtNTQ1MTkzMDdmMGFhIiwic2NvcGUiOiJiYXNpYyJ9.EHDcrpwNdWyBq45zpNZigsFLVRrhdP7apSH_OIlRPuq6Y4dBAqnsCRD4-Y91Dh1Fd8_3_634erUfCNSFfPmFDs8lpbwBpijnCg7zfE0BrgK63mcdRrPoHk9EtfwZAbNd2xhCe6gWa2Iys2bO4Ccrf7VzlKF7W7FsWjB1wuUHnoI
2020-06-30 13:40:22,585 - get_token - INFO - 获取 [access_token] 成功：eyJhbGciOiJSUzI1NiIsInR5cCI6IkpXVCJ9.eyJhdWQiOiJ0ZXN0YXBwMiIsImV4cCI6MTU5MzUwMjgyMywic3ViIjoiMGJhYWEyOGUtZGQxOC00NDg2LTg2ZDMtNTQ1MTkzMDdmMGFhIiwic2NvcGUiOiJiYXNpYyJ9.WQ9PPcOtqTmcB4htow7zPhqLlxFWiMdKLITElOPqy5XDcABNuodqKwlDFsY3ZMwRtroB4_DwhqV93sL4Mak0prx8UbG6tne00H2QBpUGN7qU8wQBLwGJvntuw6IRArl8YfzC4ASoAGIxDjTwC6L6NpblFr6-hfmPGBN3ZUWXiSo
