2020-06-29 09:55:39,566 - get_token - INFO - 获取 [access_token] 成功：eyJhbGciOiJSUzI1NiIsInR5cCI6IkpXVCJ9.eyJhdWQiOiJ0ZXN0YXBwMiIsImV4cCI6MTU5MzQwMjk0MCwic3ViIjoiMGJhYWEyOGUtZGQxOC00NDg2LTg2ZDMtNTQ1MTkzMDdmMGFhIiwic2NvcGUiOiJiYXNpYyJ9.n00K_hwxgI5NIFOq_IMXhmtmO0lWT-es4J3pDFSAmbQUuwE-DcZwiodv-E1Ubec-fJTBWRXNsanUWb-XsM1-wt8mkbYQBpQpeH5YfJk4xwRq5uTTOEgCZJvBIJi2IyU1wcXQId6o7rF1k_FAS3c9HBCAgolu7aThabeIrY0bIUw
2020-06-29 09:55:47,502 - test_AccountCenter_004 - ERROR - '注册' != '现在的注册按钮还无法点击'
- 注册
+ 现在的注册按钮还无法点击

2020-06-29 09:56:08,320 - test_LoginPage_001 - ERROR - '中国内地+86' != '+86'
- 中国内地+86
+ +86

2020-06-29 09:56:09,421 - test_LoginPage_005 - ERROR - '中国内地+86' != '+86'
- 中国内地+86
+ +86

2020-06-29 09:56:09,511 - test_LoginPage_006 - ERROR - '中国内地+86' != '+86'
- 中国内地+86
+ +86

2020-06-29 09:56:09,618 - test_LoginPage_007 - ERROR - '中国内地+86' != '+86'
- 中国内地+86
+ +86

2020-06-29 09:56:14,704 - test_LoginPage_008 - ERROR - '欢迎您' != '验证码错误'
- 欢迎您
+ 验证码错误

2020-06-29 09:56:21,915 - test_LoginPage_011 - ERROR - '******' != 'han920929'
- ******
+ han920929

2020-06-29 09:56:31,526 - test_LoginPage_015 - ERROR - '密码必须是6-16位，数字、字母或符号至少包含两种' != '手机号码格式不正确'
- 密码必须是6-16位，数字、字母或符号至少包含两种
+ 手机号码格式不正确

2020-06-29 09:56:36,362 - test_LoginPage_017 - ERROR - '密码必须是6-16位，数字、字母或符号至少包含两种' != '手机号码格式不正确'
- 密码必须是6-16位，数字、字母或符号至少包含两种
+ 手机号码格式不正确

2020-06-29 09:56:38,785 - test_LoginPage_018 - ERROR - '177 225 27' != '177 2252 7464'
- 177 225 27
?        -
+ 177 2252 7464
?         + +++

2020-06-29 09:56:44,751 - test_LoginPage_020 - ERROR - '用户名或密码不匹配' != '验证码错误'
- 用户名或密码不匹配
+ 验证码错误

2020-06-29 09:57:35,044 - test_LoginPage_040 - ERROR - '用户名或密码不匹配' != '验证码错误'
- 用户名或密码不匹配
+ 验证码错误

2020-06-29 09:57:45,276 - test_LoginPage_044 - ERROR - '' != 'abcd'
+ abcd
2020-06-29 09:57:52,615 - test_UserInfo_001 - ERROR - '邓 帮涵' != '- -'
- 邓 帮涵
+ - -

2020-06-29 09:57:53,462 - test_UserInfo_002 - ERROR - '添加香港银行卡' != '首页'
- 添加香港银行卡
+ 首页

2020-06-29 09:57:54,332 - test_UserInfo_005 - ERROR - '帮涵 邓' != '请输入'
- 帮涵 邓
+ 请输入

2020-06-29 09:57:55,634 - test_UserInfo_008 - ERROR - '请上传银行证明' != '请输入账户持有人姓名/中文'
- 请上传银行证明
+ 请输入账户持有人姓名/中文

2020-06-29 09:57:56,819 - test_UserInfo_010 - ERROR - '暂无银行卡添加记录' != '银行卡添加记录'
- 暂无银行卡添加记录
? --
+ 银行卡添加记录

2020-06-29 09:58:05,155 - test_Deposit_002 - ERROR - 用例执行失败：{}
2020-06-29 09:58:06,526 - test_Deposit_004 - ERROR - True is not false : 页面存在协议确认弹窗
2020-06-29 11:34:09,400 - get_token - INFO - 获取 [access_token] 成功：eyJhbGciOiJSUzI1NiIsInR5cCI6IkpXVCJ9.eyJhdWQiOiJ0ZXN0YXBwMiIsImV4cCI6MTU5MzQwODg1MCwic3ViIjoiMGJhYWEyOGUtZGQxOC00NDg2LTg2ZDMtNTQ1MTkzMDdmMGFhIiwic2NvcGUiOiJiYXNpYyJ9.simBlXK6tm0nT1VO1rTeBNjEjqN9tww6mPR2NvtKJ_k30ugnmf4aKsF0cpaCB8ZfZKarYLPhe5PtFq8awIb7sW8AdR5cKGEtgOHs1jba6brey9-Gvl8pF0EZvqiKnDNWnP9qOOhBet417hwslKqPbQFVocKxUtBJ1fYPKODS5HE
2020-06-29 11:34:15,017 - test_Deposit_004 - ERROR - True is not false : 页面存在协议确认弹窗
2020-06-29 11:46:02,874 - get_token - INFO - 获取 [access_token] 成功：eyJhbGciOiJSUzI1NiIsInR5cCI6IkpXVCJ9.eyJhdWQiOiJ0ZXN0YXBwMiIsImV4cCI6MTU5MzQwOTU2Mywic3ViIjoiMGJhYWEyOGUtZGQxOC00NDg2LTg2ZDMtNTQ1MTkzMDdmMGFhIiwic2NvcGUiOiJiYXNpYyJ9.beZZZJJucLifwqR3qfWPd0IPIas6VEHpiWCZXl3O566SkrckGKD_uACHJCX10OrREyA5TOMUbAU1tMzAW5oFkhpG66TIpF0wc9AIVKYQnFQZt8KJkYFxpzlVAEQ4DRaj3dVWokCE1umLU_NcJtWCyAaj68P_rtOxO1QM0xN-SyI
2020-06-29 11:52:42,021 - get_token - INFO - 获取 [access_token] 成功：eyJhbGciOiJSUzI1NiIsInR5cCI6IkpXVCJ9.eyJhdWQiOiJ0ZXN0YXBwMiIsImV4cCI6MTU5MzQwOTk2Miwic3ViIjoiMGJhYWEyOGUtZGQxOC00NDg2LTg2ZDMtNTQ1MTkzMDdmMGFhIiwic2NvcGUiOiJiYXNpYyJ9.AI7690zFnblR9Q4NcAFy3wcDOoP9zUe6vvlDGBR04Az4hCJQnE4d36oKt5-zpadxD0VDGXnVPvewDW4O6wbDSwAGHAleTvxVhG9_yuSl7z2N8W3mqJqCuEuGcLsen2gmy_J8Pq-yUzvhr39jiwN_yj9H2CSvBbSQ6u_cXpMGyDI
2020-06-29 11:54:15,894 - get_token - INFO - 获取 [access_token] 成功：eyJhbGciOiJSUzI1NiIsInR5cCI6IkpXVCJ9.eyJhdWQiOiJ0ZXN0YXBwMiIsImV4cCI6MTU5MzQxMDA1Niwic3ViIjoiMGJhYWEyOGUtZGQxOC00NDg2LTg2ZDMtNTQ1MTkzMDdmMGFhIiwic2NvcGUiOiJiYXNpYyJ9.VDk7K8c-SrHAwCoKcpffbZ9Zz9IN1ntIkK0A4Xci4WXWjd_BGgr41E_eUA0Hml1ad4qoYFobQhJ4RqBL29ddAjJJC5R34h_NuWG1kaAK1SJD0OLKxgPbhmVH-9gdYh58f1J7gh4_3PLixHdDd_rgwER81xsabIOH23HgoFS6rWI
2020-06-29 11:55:43,609 - get_token - INFO - 获取 [access_token] 成功：eyJhbGciOiJSUzI1NiIsInR5cCI6IkpXVCJ9.eyJhdWQiOiJ0ZXN0YXBwMiIsImV4cCI6MTU5MzQxMDE0NCwic3ViIjoiMGJhYWEyOGUtZGQxOC00NDg2LTg2ZDMtNTQ1MTkzMDdmMGFhIiwic2NvcGUiOiJiYXNpYyJ9.hlb3RILZVQjm1iU6QihX4W1mtt6lzJS8e1lUERLFXtoPtxv5EhXPCpqWKpLrIYYPtgloxrNe13OvdTRjb8Mdc5AtGIiak-1QvUhzycPDJYTyv_pIIabdqrVxO5qZ726wlvc0Mj9W1FLEqc9bLzTXaiNZrmAg06uN3IGb_g9aL7I
2020-06-29 11:56:57,928 - get_token - INFO - 获取 [access_token] 成功：eyJhbGciOiJSUzI1NiIsInR5cCI6IkpXVCJ9.eyJhdWQiOiJ0ZXN0YXBwMiIsImV4cCI6MTU5MzQxMDIxOCwic3ViIjoiMGJhYWEyOGUtZGQxOC00NDg2LTg2ZDMtNTQ1MTkzMDdmMGFhIiwic2NvcGUiOiJiYXNpYyJ9.LdPMd3U5bwJZAltY2BgDLPx7JTWHs3E2c_1CXa6tNVDXJI5nvZcSw8sTfQHxKEkfqHvr8JSstluAdRrH4HPp2T_qPV88aVD0Z7EDZVlVKL9ttcp5Gq4SRaKPgrDU0-ewhZhyGdeJs7GaIv2ezvJoVM9ke87Hb92A-6jw8etQFE4
2020-06-29 11:57:07,662 - test_Deposit_004 - ERROR - True is not false : 页面存在协议确认弹窗
2020-06-29 11:58:48,319 - get_token - INFO - 获取 [access_token] 成功：eyJhbGciOiJSUzI1NiIsInR5cCI6IkpXVCJ9.eyJhdWQiOiJ0ZXN0YXBwMiIsImV4cCI6MTU5MzQxMDMyOSwic3ViIjoiMGJhYWEyOGUtZGQxOC00NDg2LTg2ZDMtNTQ1MTkzMDdmMGFhIiwic2NvcGUiOiJiYXNpYyJ9.EC0Td4N8Cp5Uz0bmOoX1okAJJkpxxb3WJkkXowhkPxrfNiQJOkvIwmerH7HiKdXTYraZmTwuAwnt5kcoZKxan2GbTUj8iPjZi271_e05-SWQYqt5XNeCIEplefHW_ABEI7Lk4JY3T0XXuGvMZMyjZpVMJOTDwfuq0DxTA7l8yZw
2020-06-29 11:58:56,025 - test_Deposit_004 - ERROR - True is not false : 页面存在协议确认弹窗
2020-06-29 13:29:59,957 - get_token - INFO - 获取 [access_token] 成功：eyJhbGciOiJSUzI1NiIsInR5cCI6IkpXVCJ9.eyJhdWQiOiJ0ZXN0YXBwMiIsImV4cCI6MTU5MzQxNTgwMCwic3ViIjoiMGJhYWEyOGUtZGQxOC00NDg2LTg2ZDMtNTQ1MTkzMDdmMGFhIiwic2NvcGUiOiJiYXNpYyJ9.qkJIK206c7qr5sLL4ioRc2xZaCbFZrsg5PDIBEAcrB3w9PZLw_yaXPNwVSFyUFG_7sZQpSDpMYRViWGIeMhHqVSV46sjMRDkl7rC3y_agjKSqnaDPpefky-AoaApy3672qyQs37mdTmRXaoN4f5QDe5X2iqoGgbI0GcYtwq7C8c
2020-06-29 13:32:59,692 - get_token - INFO - 获取 [access_token] 成功：eyJhbGciOiJSUzI1NiIsInR5cCI6IkpXVCJ9.eyJhdWQiOiJ0ZXN0YXBwMiIsImV4cCI6MTU5MzQxNTk4MCwic3ViIjoiMGJhYWEyOGUtZGQxOC00NDg2LTg2ZDMtNTQ1MTkzMDdmMGFhIiwic2NvcGUiOiJiYXNpYyJ9.g3CLqRNzDl0akjSZfLIFhKqDEzlfCJ5DvGUWxc2Pe5DI14CfiIushSsRcvB90aQOMRvEiyPG0OzWPJ-NvmeuJyeQ-QCYJauz1fUDLTaXnoyKQFa-QGszW7F7eq8B8KdEdxOq9pKUohTD7f6-xUtl4j9OvPcJPDVpHN5DDkumpFg
2020-06-29 13:33:07,123 - test_Deposit_004 - ERROR - True is not false : 页面存在协议确认弹窗
2020-06-29 13:37:22,784 - get_token - INFO - 获取 [access_token] 成功：eyJhbGciOiJSUzI1NiIsInR5cCI6IkpXVCJ9.eyJhdWQiOiJ0ZXN0YXBwMiIsImV4cCI6MTU5MzQxNjI0Mywic3ViIjoiMGJhYWEyOGUtZGQxOC00NDg2LTg2ZDMtNTQ1MTkzMDdmMGFhIiwic2NvcGUiOiJiYXNpYyJ9.WOF2Gkdnmq802k2wGg2SnFXuPjJEdCU9o6oIhxY7Pn0hz4P2qOoEKz-OFkSiYphh7_DkVxSBhrtdtys9KDZfaCrOVEYUHvB0HOFpg5IJ9YzbLuHZdYecNGzokUyYHpdo0R0JS9f-_iZ105OkDdQMFjA-IPEjw48woqf3Bf8Tvqs
2020-06-29 13:37:30,290 - test_Deposit_004 - ERROR - True is not false : 页面存在协议确认弹窗
2020-06-29 13:37:59,282 - get_token - INFO - 获取 [access_token] 成功：eyJhbGciOiJSUzI1NiIsInR5cCI6IkpXVCJ9.eyJhdWQiOiJ0ZXN0YXBwMiIsImV4cCI6MTU5MzQxNjI3OSwic3ViIjoiMGJhYWEyOGUtZGQxOC00NDg2LTg2ZDMtNTQ1MTkzMDdmMGFhIiwic2NvcGUiOiJiYXNpYyJ9.FYE52UUZxfe3lpA_o4LQgoEJPoyAw8iJ_O5IpJRARqAucu9fBD-Mo0iCl0XlQpBafSEmYjB3u8aXeA-XlVsN_-Z42Lr60LZO9SgZIVTq2rClJB-c7kq01wiQ8xSxM_jFlVrHiUqZkwUf_VftEpftA23ywquvza3LY0_GdsuizGc
2020-06-29 13:38:07,348 - test_Deposit_004 - ERROR - True is not false : 页面存在协议确认弹窗
2020-06-29 13:38:15,385 - get_token - INFO - 获取 [access_token] 成功：eyJhbGciOiJSUzI1NiIsInR5cCI6IkpXVCJ9.eyJhdWQiOiJ0ZXN0YXBwMiIsImV4cCI6MTU5MzQxNjI5Niwic3ViIjoiMGJhYWEyOGUtZGQxOC00NDg2LTg2ZDMtNTQ1MTkzMDdmMGFhIiwic2NvcGUiOiJiYXNpYyJ9.c0lT7uve5dbqHnDNSRE6cttoRXO4CsV6IvCxmlZkzEqhhA8MfAd5_1zUfqNV3QVcxLtkCatEdQfCDf0Ejt__4KPQsYAJJ42BOc9en8KxULMOEwzxv8-F9O-G7KHInMR5AzsNkxdmPxs7jqREnN4O8vHZF_9fsG-Nr02HoX1ym7M
2020-06-29 13:38:31,357 - test_Deposit_004 - ERROR - True is not false : 页面存在协议确认弹窗
2020-06-29 13:38:55,140 - get_token - INFO - 获取 [access_token] 成功：eyJhbGciOiJSUzI1NiIsInR5cCI6IkpXVCJ9.eyJhdWQiOiJ0ZXN0YXBwMiIsImV4cCI6MTU5MzQxNjMzNSwic3ViIjoiMGJhYWEyOGUtZGQxOC00NDg2LTg2ZDMtNTQ1MTkzMDdmMGFhIiwic2NvcGUiOiJiYXNpYyJ9.L0wrptEVV1LaHwmpGZXW_Ko_z1ExRdP2o9Fr13IX0wWiXHRYe_pyXnDp-ve5UcOsUAGn6GMPlBKOA9F3YIVmg_wN_TbZFEDQiYOTtzo1lgFnXeh8kT90mTusuLAVWTK_t_UYB6bZcsEz6PlKKCfWiOK9HpwlrfO2pF58LGHrF6c
2020-06-29 13:39:02,694 - test_Deposit_004 - ERROR - True is not false : 页面存在协议确认弹窗
2020-06-29 13:39:23,529 - get_token - INFO - 获取 [access_token] 成功：eyJhbGciOiJSUzI1NiIsInR5cCI6IkpXVCJ9.eyJhdWQiOiJ0ZXN0YXBwMiIsImV4cCI6MTU5MzQxNjM2NCwic3ViIjoiMGJhYWEyOGUtZGQxOC00NDg2LTg2ZDMtNTQ1MTkzMDdmMGFhIiwic2NvcGUiOiJiYXNpYyJ9.NVCjeOCREXJfqimFKNwoGfxffYHHVizD5-3ETz1_G8snILytm5Y9pFc3JTjvncTvrKb_yqkKfuTUZYvnHC-bNSySLmXzRXmW7Ce4cUf1GJBLOLEiuLCS5W3QViW4J-5U0hOJWP_rheW4scsUj4DHhHUnbELz8X_hzc6-VvB_7yo
2020-06-29 13:39:31,101 - test_Deposit_004 - ERROR - True is not false : 页面存在协议确认弹窗
2020-06-29 13:39:45,008 - get_token - INFO - 获取 [access_token] 成功：eyJhbGciOiJSUzI1NiIsInR5cCI6IkpXVCJ9.eyJhdWQiOiJ0ZXN0YXBwMiIsImV4cCI6MTU5MzQxNjM4NSwic3ViIjoiMGJhYWEyOGUtZGQxOC00NDg2LTg2ZDMtNTQ1MTkzMDdmMGFhIiwic2NvcGUiOiJiYXNpYyJ9.ZN5SH8qRirGSKZQoxxi3Je3E21HnSj9MqUtw5gqOnF87A94h9TG0-huO_fokzrY0ZiyaZfDtck1m8eBaYf3Va4MmqlMqq33ZsB5VEOr9OaIKWBJOzk0tzTeu6Dg0vJfm2eT9Oz-ofLnMCj6To-n3bJGB6Luf5408EvfTB33PqW4
2020-06-29 13:39:56,547 - test_Deposit_004 - ERROR - True is not false : 页面存在协议确认弹窗
2020-06-29 13:41:07,059 - get_token - INFO - 获取 [access_token] 成功：eyJhbGciOiJSUzI1NiIsInR5cCI6IkpXVCJ9.eyJhdWQiOiJ0ZXN0YXBwMiIsImV4cCI6MTU5MzQxNjQ2Nywic3ViIjoiMGJhYWEyOGUtZGQxOC00NDg2LTg2ZDMtNTQ1MTkzMDdmMGFhIiwic2NvcGUiOiJiYXNpYyJ9.DlUm2vyDMYIq2uk1ELeKO3pxYU29VKTfBFHPwyrjZlG5noQbeTt9KWXnHOsKIGtX9rUQjzJ6Cf2dAzhc5NpV2czANIrrl3JFufe1MM3S3NDqql2US37Jqp7lbhKTi6vRgFVYdSBlqF1h8iNoIdXgVCcFtiGZRr7r_RscGDNM6Gc
2020-06-29 13:41:17,685 - test_Deposit_004 - ERROR - True is not false : 页面存在协议确认弹窗
2020-06-29 13:41:25,821 - get_token - INFO - 获取 [access_token] 成功：eyJhbGciOiJSUzI1NiIsInR5cCI6IkpXVCJ9.eyJhdWQiOiJ0ZXN0YXBwMiIsImV4cCI6MTU5MzQxNjQ4Niwic3ViIjoiMGJhYWEyOGUtZGQxOC00NDg2LTg2ZDMtNTQ1MTkzMDdmMGFhIiwic2NvcGUiOiJiYXNpYyJ9.jqWycO8ksTAYFNDKu2P62qT7WOGPA1Qu15MsxaYnrJuAVSGmcWWEm3JahZD2klR5MZz-2h8-ZsQa98GUnT3gcSbJxl4ECpgXoymHwu0CVQ6DgNqnLJzTh--8i1d2fFkVBawg3E4WercWelctsY3gP6_nTwuCDDiMXnvQ35WSTzM
2020-06-29 13:41:46,251 - get_token - INFO - 获取 [access_token] 成功：eyJhbGciOiJSUzI1NiIsInR5cCI6IkpXVCJ9.eyJhdWQiOiJ0ZXN0YXBwMiIsImV4cCI6MTU5MzQxNjUwNiwic3ViIjoiMGJhYWEyOGUtZGQxOC00NDg2LTg2ZDMtNTQ1MTkzMDdmMGFhIiwic2NvcGUiOiJiYXNpYyJ9.rvL2fdDfwp66bCfqMNp7aXvgbkXa-drFiwUUfKQMZk-sP1f3aWXb0TxIs9zDoha5jfXVoZqM4xDeVfRsKnhwVq9ESWn2nNBuaRjsF8sfIdDjHIa0NqtXrvkq7uIs5KsWHOh4jkHtadxtq6ocQQHE7XclPG6V79MDzrIVwBMCd1A
2020-06-29 13:42:18,137 - test_Deposit_004 - ERROR - True is not false : 页面存在协议确认弹窗
2020-06-29 13:42:39,395 - get_token - INFO - 获取 [access_token] 成功：eyJhbGciOiJSUzI1NiIsInR5cCI6IkpXVCJ9.eyJhdWQiOiJ0ZXN0YXBwMiIsImV4cCI6MTU5MzQxNjU2MCwic3ViIjoiMGJhYWEyOGUtZGQxOC00NDg2LTg2ZDMtNTQ1MTkzMDdmMGFhIiwic2NvcGUiOiJiYXNpYyJ9.legnFGUYn_giH4OjQjQNk-HO_y0J8fdD8rW9YlBZIM2H-pLPeIDXQeygULt9LV8bv6Wln-xF_ngSBzOnlQyF9rCYA64pdln_MWXDwUJmS8PPFrTR6dDUuyfyXswTzn3TeAs9AZp8dnutYJUJaibBfXUMIdqDFDlfVEN-8jK8dmY
2020-06-29 13:43:10,696 - test_Deposit_004 - ERROR - True is not false : 页面存在协议确认弹窗
2020-06-29 13:43:33,274 - get_token - INFO - 获取 [access_token] 成功：eyJhbGciOiJSUzI1NiIsInR5cCI6IkpXVCJ9.eyJhdWQiOiJ0ZXN0YXBwMiIsImV4cCI6MTU5MzQxNjYxMywic3ViIjoiMGJhYWEyOGUtZGQxOC00NDg2LTg2ZDMtNTQ1MTkzMDdmMGFhIiwic2NvcGUiOiJiYXNpYyJ9.B_6XQKkhed64M0eRog6i0lTdocOIhy4yMZFsxV2zjFwBY4SVrbRJFpe51VJZS7X75LwbEGdLG7pcixzl54FSjaNZ9GRp1qVVUajaPrEChFTR_ZEXDXpIWXwa9edI79zFsnVqVoz64RRjNyao7kcz_u0gP-A6tswMS_A2uJzBlkM
2020-06-29 13:43:41,358 - test_Deposit_004 - ERROR - True is not false : 页面存在协议确认弹窗
2020-06-29 13:43:58,239 - get_token - INFO - 获取 [access_token] 成功：eyJhbGciOiJSUzI1NiIsInR5cCI6IkpXVCJ9.eyJhdWQiOiJ0ZXN0YXBwMiIsImV4cCI6MTU5MzQxNjYzOCwic3ViIjoiMGJhYWEyOGUtZGQxOC00NDg2LTg2ZDMtNTQ1MTkzMDdmMGFhIiwic2NvcGUiOiJiYXNpYyJ9.XXZzJlKzsbZ6MDAYus0moMMLpY_d8fEH0-nX3LIIwVMa_H5S-VW1g7sKssMgeXOYFkhKtRQ9aoLjERGhguvyLO_Z8lXbqVBS9uwQCirO6jbynE6PWw_bvM_f2hX8R_tyVmlD6fGX3NsWhNcuKL8633s6EW7gmWo4RRlcE8zzO_Q
2020-06-29 13:44:09,534 - test_Deposit_004 - ERROR - True is not false : 页面存在协议确认弹窗
2020-06-29 13:44:26,489 - get_token - INFO - 获取 [access_token] 成功：eyJhbGciOiJSUzI1NiIsInR5cCI6IkpXVCJ9.eyJhdWQiOiJ0ZXN0YXBwMiIsImV4cCI6MTU5MzQxNjY2Nywic3ViIjoiMGJhYWEyOGUtZGQxOC00NDg2LTg2ZDMtNTQ1MTkzMDdmMGFhIiwic2NvcGUiOiJiYXNpYyJ9.NoaIL6nX5EGOhfztzCnZkwgZUZ_OnlpIPI70Jkm3XzsFLspJ08qBQW0VOYmYA3wYGAUkufrGh3Yi-xs_b3Wr96YHXbXQyEZvyrMUNs7tvZ6csHfD9Z_GiLnLlVX6urPhFWitWN-FA_tx6J5LzEgJBR9xZy8CxaTxnHw2zDQyczc
2020-06-29 13:44:33,075 - test_Deposit_004 - ERROR - True is not false : 页面存在协议确认弹窗
2020-06-29 13:44:48,346 - get_token - INFO - 获取 [access_token] 成功：eyJhbGciOiJSUzI1NiIsInR5cCI6IkpXVCJ9.eyJhdWQiOiJ0ZXN0YXBwMiIsImV4cCI6MTU5MzQxNjY4OSwic3ViIjoiMGJhYWEyOGUtZGQxOC00NDg2LTg2ZDMtNTQ1MTkzMDdmMGFhIiwic2NvcGUiOiJiYXNpYyJ9.spfXXePBAoVpxm4Ek7-oqv1nbRU60qPBB0UX-grVNBUOlXNcoVkfCfoBFRR-OdxtC2mG0W2j05shK7pWgKJ2_QRmqGwwl1IPwdPbrmXy1GlYhDN62G0xIclUAXrIbR3dOcw1TPQyrCq0lVTYoJIh8bABYwGbRM81cK6v3zMyuvU
2020-06-29 13:44:55,766 - test_Deposit_004 - ERROR - True is not false : 页面存在协议确认弹窗
2020-06-29 13:57:17,319 - get_token - INFO - 获取 [access_token] 成功：eyJhbGciOiJSUzI1NiIsInR5cCI6IkpXVCJ9.eyJhdWQiOiJ0ZXN0YXBwMiIsImV4cCI6MTU5MzQxNzQzOCwic3ViIjoiMGJhYWEyOGUtZGQxOC00NDg2LTg2ZDMtNTQ1MTkzMDdmMGFhIiwic2NvcGUiOiJiYXNpYyJ9.f_XE_-DS2U_cdbdM-pk7Y4248lWsqwjIiGhrR63PB_Ysr3vNoXU2Akj66nkWJqFDHtT8IAfrnF0o5k-DGQ_zkHDqeq7hAfHa4f_5vx3FhKPChaKnj8kxozPIL9T67Vg_QTvMbqyEbFuZ5zjd_Q0fW0nWWwVYN9Y3LtLW-jCV9-0
2020-06-29 13:57:41,941 - get_token - INFO - 获取 [access_token] 成功：eyJhbGciOiJSUzI1NiIsInR5cCI6IkpXVCJ9.eyJhdWQiOiJ0ZXN0YXBwMiIsImV4cCI6MTU5MzQxNzQ2Miwic3ViIjoiMGJhYWEyOGUtZGQxOC00NDg2LTg2ZDMtNTQ1MTkzMDdmMGFhIiwic2NvcGUiOiJiYXNpYyJ9.deJfCXomh0fIoaBl70186tE37-DjoQ2oHkulg99oUVVhHyZXT0TAMAFjFbBYahjFkYN1jNK6FOC8pMs0orCD4bRhF9ApQbgGy_N4YMmDsscxYuAAgC01jvx7_vGEd5rBKTr0iaTecl5tXaWDYlrjvPnotlMGlN5ITh2JlIkELxo
2020-06-29 13:58:03,410 - get_token - INFO - 获取 [access_token] 成功：eyJhbGciOiJSUzI1NiIsInR5cCI6IkpXVCJ9.eyJhdWQiOiJ0ZXN0YXBwMiIsImV4cCI6MTU5MzQxNzQ4NCwic3ViIjoiMGJhYWEyOGUtZGQxOC00NDg2LTg2ZDMtNTQ1MTkzMDdmMGFhIiwic2NvcGUiOiJiYXNpYyJ9.ZkJraJy4pJVz6RufZCqDiiiFyiXHb2AekvkEYm08PPNvJJog0cOAvJMkVDbQclHyR_p-y_hn3PnM8VLTYmm3P-jOezjMGSEIWkdRGlgb2Gr7SvUXJRba9C6LAU3DPGoIGCQvWwIEdGV4ZX30Tv0yic3wXHBje0CBEt1UZnszprc
2020-06-29 14:04:45,167 - get_token - INFO - 获取 [access_token] 成功：eyJhbGciOiJSUzI1NiIsInR5cCI6IkpXVCJ9.eyJhdWQiOiJ0ZXN0YXBwMiIsImV4cCI6MTU5MzQxNzg4NSwic3ViIjoiMGJhYWEyOGUtZGQxOC00NDg2LTg2ZDMtNTQ1MTkzMDdmMGFhIiwic2NvcGUiOiJiYXNpYyJ9.BTiqW-7jyaJAFDoZYtf5FddI-vlWf1auenLSw-J59wvIsMUddszIks7yNWZUWsINiioWF-yN035NgMXJM0qZh6fIdDT4LPbQW37tVt2vL2YDTLGgW-KqYP2WM8ghKVi5kK8kvvaNd0XQdYMTxdv2keF4HRvPAEvqQ_fxPuUqQGw
2020-06-29 14:05:45,044 - get_token - INFO - 获取 [access_token] 成功：eyJhbGciOiJSUzI1NiIsInR5cCI6IkpXVCJ9.eyJhdWQiOiJ0ZXN0YXBwMiIsImV4cCI6MTU5MzQxNzk0NSwic3ViIjoiMGJhYWEyOGUtZGQxOC00NDg2LTg2ZDMtNTQ1MTkzMDdmMGFhIiwic2NvcGUiOiJiYXNpYyJ9.idtVkYtd_q_XUTwKCFganNr4wo4r9D3W9p44NFMjTzrPPhhd1W3Wvz6rhXEzCOGhtdUhpTWxv7LFc8Jew2ylqkcO5y7x8Qz3sl4gr1RWT004e0s9b2L4ljc9LvK-PZc6EDaGnZoqXdJMH4J2WJpvfzUp6EAnj5YEd6bZNRx9g0U
2020-06-29 14:06:26,804 - get_token - INFO - 获取 [access_token] 成功：eyJhbGciOiJSUzI1NiIsInR5cCI6IkpXVCJ9.eyJhdWQiOiJ0ZXN0YXBwMiIsImV4cCI6MTU5MzQxNzk4Nywic3ViIjoiMGJhYWEyOGUtZGQxOC00NDg2LTg2ZDMtNTQ1MTkzMDdmMGFhIiwic2NvcGUiOiJiYXNpYyJ9.CnN7JXDDWNqFBhl5KX6jppSXYtb9qsfxXYKtjheMumpkaQm6Rt8te-jLsuqwHHpAvVRMHAANrNTAD6ZDWSutJ7wD4mhdpu97AnXn1ZZG0NApiiHE71xbIuvb_aLrkwf_e-hwvW2zs9e7QXzmWihxgnJWoqqStgKFykFdGVyBdew
2020-06-29 14:07:00,013 - get_token - INFO - 获取 [access_token] 成功：eyJhbGciOiJSUzI1NiIsInR5cCI6IkpXVCJ9.eyJhdWQiOiJ0ZXN0YXBwMiIsImV4cCI6MTU5MzQxODAyMCwic3ViIjoiMGJhYWEyOGUtZGQxOC00NDg2LTg2ZDMtNTQ1MTkzMDdmMGFhIiwic2NvcGUiOiJiYXNpYyJ9.RKYxOpq9oBTb_Fy0Z6S_S85cviJl97qhXnjvycsJX1LB_2eVjOyAz9ysIP4Akaed20oe9yuC_HIb_lxb9pfNoof2WOZJWKZ1w-yNLsmHB76mS-12S0QoAqw0SXaQih3U02BmPex61vT4RrYiZXMghHRhdjFslcEDB7dFIioi6Zk
2020-06-29 14:09:06,205 - get_token - INFO - 获取 [access_token] 成功：eyJhbGciOiJSUzI1NiIsInR5cCI6IkpXVCJ9.eyJhdWQiOiJ0ZXN0YXBwMiIsImV4cCI6MTU5MzQxODE0Niwic3ViIjoiMGJhYWEyOGUtZGQxOC00NDg2LTg2ZDMtNTQ1MTkzMDdmMGFhIiwic2NvcGUiOiJiYXNpYyJ9.CTRs6KMdyWdQS5sUm7KR3nlE2GSk7FbAf9MDVn7hLhipPJBBFDmLpXjzLJ11-Ngq-WCgZZrQAHPnW35rJSiGQOSd0xC8j94jb5cAO0pZE4ZIJitQSndcZhJUyFnmo54uoh9nwyBOxSUzdQC84vuhZwQssFr3FE_SiCFMT8OfO2g
2020-06-29 14:09:35,859 - get_token - INFO - 获取 [access_token] 成功：eyJhbGciOiJSUzI1NiIsInR5cCI6IkpXVCJ9.eyJhdWQiOiJ0ZXN0YXBwMiIsImV4cCI6MTU5MzQxODE3Niwic3ViIjoiMGJhYWEyOGUtZGQxOC00NDg2LTg2ZDMtNTQ1MTkzMDdmMGFhIiwic2NvcGUiOiJiYXNpYyJ9.EDGKoaXpeA4nH3ELd16z9V7YoDH9Kk3imbaSgkXLyar-pkbR3MHE7WTPsjLsyjKbTk8dJNkBBngq827vBL02qXvp09pnbEdcOb5RXPFIVoHeDwYpNRt7UiEdSxi6K1tnnIhyLbx9ygq9kji3ZE1vO2cQxz98OXbnJR07eB80oqA
2020-06-29 14:10:28,688 - get_token - INFO - 获取 [access_token] 成功：eyJhbGciOiJSUzI1NiIsInR5cCI6IkpXVCJ9.eyJhdWQiOiJ0ZXN0YXBwMiIsImV4cCI6MTU5MzQxODIyOSwic3ViIjoiMGJhYWEyOGUtZGQxOC00NDg2LTg2ZDMtNTQ1MTkzMDdmMGFhIiwic2NvcGUiOiJiYXNpYyJ9.SGCvF-h7eLmDSToYCQuM_6bMhlPO8pngdwctkQD_wW_-mZGYivhnZKLLCDZFRpT92CZDFuDI_Q5KUmvPVBQjBo7GDjb7ABEP8RALOEwNiTBN7-x90rz8UpHyeogrxMjZA8Ht2Pu_cGm9W6T85s5Unuvk15JrvRDsShnIuW0FLFg
2020-06-29 14:12:17,527 - get_token - INFO - 获取 [access_token] 成功：eyJhbGciOiJSUzI1NiIsInR5cCI6IkpXVCJ9.eyJhdWQiOiJ0ZXN0YXBwMiIsImV4cCI6MTU5MzQxODMzOCwic3ViIjoiMGJhYWEyOGUtZGQxOC00NDg2LTg2ZDMtNTQ1MTkzMDdmMGFhIiwic2NvcGUiOiJiYXNpYyJ9.YQfTSy99QgUWgG3gJgon24P8Z_K0a4MGMrIdH9fQB5uaw0P0DEtNvhUTWN6x_D_q4hxOLgM1GjXUEylZ_N5ceajN68Sl0dsAkzLpkqGwsWrPY9FSLN43Pgez3XBcHAQb3HYKH24IhWEAdB22dPsxzHWsNQaxE7m07UMqffmV228
2020-06-29 14:13:39,059 - get_token - INFO - 获取 [access_token] 成功：eyJhbGciOiJSUzI1NiIsInR5cCI6IkpXVCJ9.eyJhdWQiOiJ0ZXN0YXBwMiIsImV4cCI6MTU5MzQxODQxOSwic3ViIjoiMGJhYWEyOGUtZGQxOC00NDg2LTg2ZDMtNTQ1MTkzMDdmMGFhIiwic2NvcGUiOiJiYXNpYyJ9.kN4rzs3cdnmH6czy7Kwwrz0sAkd0SXX53k1xjrgCuGZ1MCdchnOkphjtpmyLK6oDoeQmbHR5vdaRHGyGQNVPKHyH0hpmylt7AR40B_IYbpO4ZGPpt7JiwypKs9lyoGgldncmThsvTRJfeXcgDIB0X9tbjYD0P8x2KNjgjbnJNtI
2020-06-29 14:14:03,269 - get_token - INFO - 获取 [access_token] 成功：eyJhbGciOiJSUzI1NiIsInR5cCI6IkpXVCJ9.eyJhdWQiOiJ0ZXN0YXBwMiIsImV4cCI6MTU5MzQxODQ0Mywic3ViIjoiMGJhYWEyOGUtZGQxOC00NDg2LTg2ZDMtNTQ1MTkzMDdmMGFhIiwic2NvcGUiOiJiYXNpYyJ9.gqA_HVrOQu5mqdI_pKwfw3p49H_3VsF4pokPyfFvZgEcUeDNfnBy4c8cU4-nOjqGuxBnGBDBkhvIfB306HHR3X58HvLybRb9vdXwG5CjpjTjG9aglHGjGTOyuzoV1kDz5ZckIEgB_FCUav-GJCf3mLYGzSU0aTXPVUpmDr6X7lA
2020-06-29 14:15:20,994 - get_token - INFO - 获取 [access_token] 成功：eyJhbGciOiJSUzI1NiIsInR5cCI6IkpXVCJ9.eyJhdWQiOiJ0ZXN0YXBwMiIsImV4cCI6MTU5MzQxODUyMSwic3ViIjoiMGJhYWEyOGUtZGQxOC00NDg2LTg2ZDMtNTQ1MTkzMDdmMGFhIiwic2NvcGUiOiJiYXNpYyJ9.RDR3NRkuGNb-Q4p_77yX9vBSjDBhAfsg2IKSib7Qf7cmxGYc9J1_6Jkhiuq6Q9Nmx22y0vdpiCVJMJ4w-M5uh5dq7MgL_qgoYIMyXypdzZ9WAvcZcxD-ALXb1I3qoJDbKCykzO1AY5-F-pe30bsXyY2ostBBt6_eVrFEnwlGngw
2020-06-29 14:17:39,191 - get_token - INFO - 获取 [access_token] 成功：eyJhbGciOiJSUzI1NiIsInR5cCI6IkpXVCJ9.eyJhdWQiOiJ0ZXN0YXBwMiIsImV4cCI6MTU5MzQxODY1OSwic3ViIjoiMGJhYWEyOGUtZGQxOC00NDg2LTg2ZDMtNTQ1MTkzMDdmMGFhIiwic2NvcGUiOiJiYXNpYyJ9.r4HtsxwTnnGYcrTgeGb1ZrLHJI5dXsiApSi2IiIixVQN_rz6h4rpky5zevUyRRITMgS3GcPO3bbcCe_lOt4GJ5iVXEgT1Uec81I_Xvnxd_dOatZizwUQKjlVBnm049vOV5mXDk_WweRiPNpKWHH0BLzuwmBvie8AHyPTiozWqYc
2020-06-29 14:18:26,765 - get_token - INFO - 获取 [access_token] 成功：eyJhbGciOiJSUzI1NiIsInR5cCI6IkpXVCJ9.eyJhdWQiOiJ0ZXN0YXBwMiIsImV4cCI6MTU5MzQxODcwNywic3ViIjoiMGJhYWEyOGUtZGQxOC00NDg2LTg2ZDMtNTQ1MTkzMDdmMGFhIiwic2NvcGUiOiJiYXNpYyJ9.pKd7cy0Vk68kp9ZWzpuA8kUgk1ODERaKw1Xw5hhfTQOqOq1mhh41LzRANlL7ADwnZOVKsD1oP7IqytaQJia-GyPZ8chCROOHppMkXa8625IwJt7m8suPF9QHVbn1dpRORV7xIIhoOyECmvonELo3BEUcuJmF0Sae2LPpRO5JejA
2020-06-29 14:26:42,419 - get_token - INFO - 获取 [access_token] 成功：eyJhbGciOiJSUzI1NiIsInR5cCI6IkpXVCJ9.eyJhdWQiOiJ0ZXN0YXBwMiIsImV4cCI6MTU5MzQxOTIwMywic3ViIjoiMGJhYWEyOGUtZGQxOC00NDg2LTg2ZDMtNTQ1MTkzMDdmMGFhIiwic2NvcGUiOiJiYXNpYyJ9.RmzaT3vRgDOwyuVTe1aWZwouVaLDenRZI7TJ-P2DZeGs4dvYGgJJHwdZuYQAiutYvEaSy91AoR9XMhq0kUcP1vplVPyAmCYt9UcmBHF_yOLKtePMoKMvKv4o_FyPgh31-H2k_65duAC32X5yM_8jTd2wT6CGIU0qzS4LUNB5_g8
2020-06-29 14:32:41,861 - get_token - INFO - 获取 [access_token] 成功：eyJhbGciOiJSUzI1NiIsInR5cCI6IkpXVCJ9.eyJhdWQiOiJ0ZXN0YXBwMiIsImV4cCI6MTU5MzQxOTU2Miwic3ViIjoiMGJhYWEyOGUtZGQxOC00NDg2LTg2ZDMtNTQ1MTkzMDdmMGFhIiwic2NvcGUiOiJiYXNpYyJ9.d3QqjrkZ5F2SsEPCBV0rxWKwmzgjkBQIpFm9yLBN5w969Qo0O50LUL_l2dIS0O9BCfln8aBf0YR9iDjOzIq_cwpaNQXAcEvdhh0RpR11yYqr0so7sfE16zKcDpG70h0InTPhf2UZsibeYJ8xWSW_0OIdOYy4-sYKODhZU3qpaR8
2020-06-29 14:33:06,223 - get_token - INFO - 获取 [access_token] 成功：eyJhbGciOiJSUzI1NiIsInR5cCI6IkpXVCJ9.eyJhdWQiOiJ0ZXN0YXBwMiIsImV4cCI6MTU5MzQxOTU4Niwic3ViIjoiMGJhYWEyOGUtZGQxOC00NDg2LTg2ZDMtNTQ1MTkzMDdmMGFhIiwic2NvcGUiOiJiYXNpYyJ9.Oflg_e02RRZgzx2fum-lxrBZbOs-gV0DwbgoEW0IihUEykxaW7DGYFJQ5kCZXuCDaG-PuLeDwgyKz55gylOmMS_3i0UD_HEC1fPdfyxcziaFITt4mIf09BodiBkZRgTQHpnVE3sNAsR49S35wq-DNDRiAbtVHTtv1N_Kw4kfBL8
2020-06-29 14:33:27,535 - get_token - INFO - 获取 [access_token] 成功：eyJhbGciOiJSUzI1NiIsInR5cCI6IkpXVCJ9.eyJhdWQiOiJ0ZXN0YXBwMiIsImV4cCI6MTU5MzQxOTYwOCwic3ViIjoiMGJhYWEyOGUtZGQxOC00NDg2LTg2ZDMtNTQ1MTkzMDdmMGFhIiwic2NvcGUiOiJiYXNpYyJ9.q_NfSIKYv777jwrm9DxnnhRRT7oNKztBLEzCiBCK727VpYZsn2x1tpUS95G56iB0TLwvpkmY-_UGCuYOe4TAlcsclMioL8lzrjmOP3nMTmbL7Xc5wFOHnBJL4GwS5hsloOz76FMp9etmuMUGumNyaf7TqxJYJgq2qk0JvI0rrOQ
2020-06-29 14:33:52,780 - get_token - INFO - 获取 [access_token] 成功：eyJhbGciOiJSUzI1NiIsInR5cCI6IkpXVCJ9.eyJhdWQiOiJ0ZXN0YXBwMiIsImV4cCI6MTU5MzQxOTYzMywic3ViIjoiMGJhYWEyOGUtZGQxOC00NDg2LTg2ZDMtNTQ1MTkzMDdmMGFhIiwic2NvcGUiOiJiYXNpYyJ9.E-5431sdxWxr1VdXRGKkajG9C3aurJb8mcvT81CPs8XxILxF8tD7863a8RY0SEQIL17J0-VgZpcDB4F5b1TbmlRfDprzDG1Dti93XP6iyExfDh2qjTEiinLqrQzlAplKvYIoguIXhCSuLG99ZdQwZwCKzK2E83uPu2i0lHj2LQ0
2020-06-29 14:34:39,042 - get_token - INFO - 获取 [access_token] 成功：eyJhbGciOiJSUzI1NiIsInR5cCI6IkpXVCJ9.eyJhdWQiOiJ0ZXN0YXBwMiIsImV4cCI6MTU5MzQxOTY3OSwic3ViIjoiMGJhYWEyOGUtZGQxOC00NDg2LTg2ZDMtNTQ1MTkzMDdmMGFhIiwic2NvcGUiOiJiYXNpYyJ9.d-Dqaq5YfTmaPK_b6MSMsxIZDujWbqKHwYBWOvKLKRWlPvd6VAc-CXQPWcg2iXhBN0BOldd7fSPZqx15bEIuK-ZdmZ2pwwl6aWn8stkzLA1FeZhPvMyP4_hl1rX1Fios3UV3xYArATr9ZnlMh8ZuF4-obMivuSVm017YB82CD34
2020-06-29 14:34:56,980 - get_token - INFO - 获取 [access_token] 成功：eyJhbGciOiJSUzI1NiIsInR5cCI6IkpXVCJ9.eyJhdWQiOiJ0ZXN0YXBwMiIsImV4cCI6MTU5MzQxOTY5Nywic3ViIjoiMGJhYWEyOGUtZGQxOC00NDg2LTg2ZDMtNTQ1MTkzMDdmMGFhIiwic2NvcGUiOiJiYXNpYyJ9.I6f24yTYtrI4kgVXfNhEWB7tT2WrSl6EIeJWWmHmoxqFZlMgwvYf3Coy-2FxfaMq_ufCDTlYw5Ne7NzTp7fJ5_5jdsNZPS0BtoLFWs_Rts8uMs178pmVdcvWUp9juJqpVVPpwjsjXMSCrheNkHgSFA5ng8TTJuhvrf5n3GboJAA
2020-06-29 14:35:35,968 - get_token - INFO - 获取 [access_token] 成功：eyJhbGciOiJSUzI1NiIsInR5cCI6IkpXVCJ9.eyJhdWQiOiJ0ZXN0YXBwMiIsImV4cCI6MTU5MzQxOTczNiwic3ViIjoiMGJhYWEyOGUtZGQxOC00NDg2LTg2ZDMtNTQ1MTkzMDdmMGFhIiwic2NvcGUiOiJiYXNpYyJ9.rxzGX0UbKx1ByYuKN0pmkDk0O_vD8d5KQQegvS8bVPiNEDxeoIkzBaa55GYy3OYD2fiKOF9JBzif21pHGbm4HY42hfqLozFn3DKJ-_qiduR_yCGPpDbu-Bpc-LwWcrT_VuMdjWZbO4RBxaGGnGAnrsYOJ_exKWh6FNDsrMAjSIk
2020-06-29 14:35:53,751 - get_token - INFO - 获取 [access_token] 成功：eyJhbGciOiJSUzI1NiIsInR5cCI6IkpXVCJ9.eyJhdWQiOiJ0ZXN0YXBwMiIsImV4cCI6MTU5MzQxOTc1NCwic3ViIjoiMGJhYWEyOGUtZGQxOC00NDg2LTg2ZDMtNTQ1MTkzMDdmMGFhIiwic2NvcGUiOiJiYXNpYyJ9.lYydN9KyKqJrhzm1OaaXWBFY_v1-CTovYT_A_FT54QrxVirTayuv2FMG7d9ab5oUxwi5Nj_KC2YHrdaCcRvtlGNI3tLW1DwERemQnZVyJXHyrMlcuVv2_Tn--Xb8iru95aQpKh0jao8amon9stEhAR6ZsF_Rv6p7N9VD62tAtsg
2020-06-29 14:38:07,071 - get_token - INFO - 获取 [access_token] 成功：eyJhbGciOiJSUzI1NiIsInR5cCI6IkpXVCJ9.eyJhdWQiOiJ0ZXN0YXBwMiIsImV4cCI6MTU5MzQxOTg4Nywic3ViIjoiMGJhYWEyOGUtZGQxOC00NDg2LTg2ZDMtNTQ1MTkzMDdmMGFhIiwic2NvcGUiOiJiYXNpYyJ9.Tid1raGI1CGYN96iwPiHLrH-b3JSRQcnO0C-9XLyraZNhgKqo_GNXA3m8dAr_d6oW2gNUknhPskI5jdG4Pw8WqiEvMPGAVIwekVrGXloIKoumn-vtNv0ZcF1A3K8DGPWJR9y5uqhmNuqRzhA8QJF4eKl0qqEDkhQv-aglkURZNA
2020-06-29 14:38:20,163 - get_token - INFO - 获取 [access_token] 成功：eyJhbGciOiJSUzI1NiIsInR5cCI6IkpXVCJ9.eyJhdWQiOiJ0ZXN0YXBwMiIsImV4cCI6MTU5MzQxOTkwMCwic3ViIjoiMGJhYWEyOGUtZGQxOC00NDg2LTg2ZDMtNTQ1MTkzMDdmMGFhIiwic2NvcGUiOiJiYXNpYyJ9.YtH2vh-4Kedy_ttpnK8NGVmlb2s9FTvPA_LH2TB6bpSMD3IfPkXs4B-T1mOe0HCQ__Jd7WHyZ7KQlNWbclbp4zFjN_k2JQvjSnuk8TQSLxpF986QAxHqWFFBS88cugCLdJWw8nHOl6HG9elIhRT3osA8fPyTzKE4cV3ZrDnGOmo
2020-06-29 14:38:53,831 - get_token - INFO - 获取 [access_token] 成功：eyJhbGciOiJSUzI1NiIsInR5cCI6IkpXVCJ9.eyJhdWQiOiJ0ZXN0YXBwMiIsImV4cCI6MTU5MzQxOTkzNCwic3ViIjoiMGJhYWEyOGUtZGQxOC00NDg2LTg2ZDMtNTQ1MTkzMDdmMGFhIiwic2NvcGUiOiJiYXNpYyJ9.qES-YisKmjzJOIexVpkJMTpPWpSLfVdnO0PUrTrgPLT_K2_xvLkOzyuPfL8Yyft-CIzLpBlAAdXAFgPv8Qw3FmmSO1uB75jN113UKgcVzx27zsln5HK6Mc5bDo7AkTM48_Or7fY7egTy0V4-8T0oK_nE93mcKzte9brspCURGQ0
2020-06-29 14:39:07,513 - get_token - INFO - 获取 [access_token] 成功：eyJhbGciOiJSUzI1NiIsInR5cCI6IkpXVCJ9.eyJhdWQiOiJ0ZXN0YXBwMiIsImV4cCI6MTU5MzQxOTk0OCwic3ViIjoiMGJhYWEyOGUtZGQxOC00NDg2LTg2ZDMtNTQ1MTkzMDdmMGFhIiwic2NvcGUiOiJiYXNpYyJ9.FOePZFMJSTAiTpDUhM42LYtQw1chtOgCf1fp2jn6XWN7HslH0h-tZNoWe15ceuMcSjqvGogX16FnDWx4eRMP09SgMocM845aIMbnpHAByxLRY8i7eOFYOQdWdr6pLTZr3tBjGCfURQf1gUP-4QfRxnNOIDA_cknBpxKHM7pD9rM
2020-06-29 14:39:31,813 - get_token - INFO - 获取 [access_token] 成功：eyJhbGciOiJSUzI1NiIsInR5cCI6IkpXVCJ9.eyJhdWQiOiJ0ZXN0YXBwMiIsImV4cCI6MTU5MzQxOTk3Miwic3ViIjoiMGJhYWEyOGUtZGQxOC00NDg2LTg2ZDMtNTQ1MTkzMDdmMGFhIiwic2NvcGUiOiJiYXNpYyJ9.Paoj4KXDPnI3iRqNu4DHFf-Fw9AiPqjRlJhsm3ssjyeNSR7ycl7FCy1GdONpcV_Vpc0S21QR8zoV4tftQCWb2r70Ci9QJY-m_DFCeaG5uKpxRvwhSUsCOXGGNllXl-DXj_UXEhaLyyW5QBvX9P78rIx70UEu_FxRX5YsrB4bSSI
2020-06-29 14:44:52,500 - get_token - INFO - 获取 [access_token] 成功：eyJhbGciOiJSUzI1NiIsInR5cCI6IkpXVCJ9.eyJhdWQiOiJ0ZXN0YXBwMiIsImV4cCI6MTU5MzQyMDI5Mywic3ViIjoiMGJhYWEyOGUtZGQxOC00NDg2LTg2ZDMtNTQ1MTkzMDdmMGFhIiwic2NvcGUiOiJiYXNpYyJ9.e7RrE5UMmNCBvr2Fi2FKWkIzo8MUiEnJo7bklGzeBc4KuhzDTf7bnjn6yTWI9EVZdRRAcMA08PdUYN5Ebn6QImazD2QOm32NKjcjxyIIwuM3SUBXHcS5gnY0a_h-SeEHj-o2QG4-NbNgNRjSGcYvWwhgc5nTOkU-TlOOly8GK1c
2020-06-29 14:45:22,593 - get_token - INFO - 获取 [access_token] 成功：eyJhbGciOiJSUzI1NiIsInR5cCI6IkpXVCJ9.eyJhdWQiOiJ0ZXN0YXBwMiIsImV4cCI6MTU5MzQyMDMyMywic3ViIjoiMGJhYWEyOGUtZGQxOC00NDg2LTg2ZDMtNTQ1MTkzMDdmMGFhIiwic2NvcGUiOiJiYXNpYyJ9.fiupgY5y-NtmKayGqJI1PUoam2765dk1kj7pgIuJGxBx4fHat3Twm--FqyxWfzSShv8gMA6QArFgMEy1WzTHsOwQgAQCyiFG9Actfa_1ZR7mRCAcg7D1qh-vR9U-Ig5ptGvNqW-Wqu2x_S_Tq0hOn7ao4uwECmFU7F4eYcG3ZJk
2020-06-29 14:49:41,569 - get_token - INFO - 获取 [access_token] 成功：eyJhbGciOiJSUzI1NiIsInR5cCI6IkpXVCJ9.eyJhdWQiOiJ0ZXN0YXBwMiIsImV4cCI6MTU5MzQyMDU4Miwic3ViIjoiMGJhYWEyOGUtZGQxOC00NDg2LTg2ZDMtNTQ1MTkzMDdmMGFhIiwic2NvcGUiOiJiYXNpYyJ9.gXlLw-NthmVSdNmJ2lNTQBPk6DuohhFBXYEOtVhgld4193EifOIV6bkGE1_R6Pm50tdYqKSKb3zb_bgv_PMJEnIuMpsSqWTQj-QQaffl1jbyf3aQ_V-TFH7tVlgBOZ-0PwmANITiEfu4xeOrIBqWPrf-lc-9vG-zMynnKIUUPqU
2020-06-29 14:50:01,259 - get_token - INFO - 获取 [access_token] 成功：eyJhbGciOiJSUzI1NiIsInR5cCI6IkpXVCJ9.eyJhdWQiOiJ0ZXN0YXBwMiIsImV4cCI6MTU5MzQyMDYwMSwic3ViIjoiMGJhYWEyOGUtZGQxOC00NDg2LTg2ZDMtNTQ1MTkzMDdmMGFhIiwic2NvcGUiOiJiYXNpYyJ9.DD2rCocpEek0YE9ne2OmG3jMEkhcw7H6lP8dk7Co19EnSN-k2af9E53JwFW2zGSYac_-LIDP010YriulOvYNrWnKj6od5NlF82-0MX0uu4uN-TlITRqrp5b-Wkdsp5nhSR3XjOWK8c7xQbwnBGj3fVjkQqeGGTcLevMXarXD8FA
2020-06-29 14:51:22,090 - get_token - INFO - 获取 [access_token] 成功：eyJhbGciOiJSUzI1NiIsInR5cCI6IkpXVCJ9.eyJhdWQiOiJ0ZXN0YXBwMiIsImV4cCI6MTU5MzQyMDY4Miwic3ViIjoiMGJhYWEyOGUtZGQxOC00NDg2LTg2ZDMtNTQ1MTkzMDdmMGFhIiwic2NvcGUiOiJiYXNpYyJ9.B35BsZFiaXPvPJwe1fqG9bn_2vgIM_a-d9ft_bKZDnRJcujb-I_Ovpevmhx1jY-w866mWa-eNb8yz9-BzxmULajsBTKQ34Px98f0ijYp82dvrJexy3vULD3kpbTVbWzglQreNWpbr-f4t8nyquvVuCmVfz7qSG2zznldY898s9k
2020-06-29 14:51:47,038 - get_token - INFO - 获取 [access_token] 成功：eyJhbGciOiJSUzI1NiIsInR5cCI6IkpXVCJ9.eyJhdWQiOiJ0ZXN0YXBwMiIsImV4cCI6MTU5MzQyMDcwNywic3ViIjoiMGJhYWEyOGUtZGQxOC00NDg2LTg2ZDMtNTQ1MTkzMDdmMGFhIiwic2NvcGUiOiJiYXNpYyJ9.jTOFAhG-4beZhSiieQMagB_1iOcrpJQ3i_Ize3YWrn0XFLPAda28EdTNq82gNUaxwUwMWYrT6l6Lzwq8Yg2ksTdgiS0qmqtm_sjeF6fi45LQxWYd7P7yVjZ6Km2Kxc2eIRBnrk_TeBXq4I8t-mkkO2F4IPBdCd5n22UAqCp1CcQ
2020-06-29 14:52:16,730 - get_token - INFO - 获取 [access_token] 成功：eyJhbGciOiJSUzI1NiIsInR5cCI6IkpXVCJ9.eyJhdWQiOiJ0ZXN0YXBwMiIsImV4cCI6MTU5MzQyMDczNywic3ViIjoiMGJhYWEyOGUtZGQxOC00NDg2LTg2ZDMtNTQ1MTkzMDdmMGFhIiwic2NvcGUiOiJiYXNpYyJ9.ZOjGyvb2BWD65bn70mmVgdnLZkZAnYsrkCb2rPV3Ju0Vai5VL_CPtgIqOwtKHQoSIl-MAHoGecd0IXl-e9bKUEKhDL7QabBiwPOcUZUI6hlW_ivVME5eA3jAfHmDgwsaWLK8LOJAHRRUyCjtqfAz6uu7ShrLsgUn7c1CLY9Jh0U
2020-06-29 14:52:50,365 - get_token - INFO - 获取 [access_token] 成功：eyJhbGciOiJSUzI1NiIsInR5cCI6IkpXVCJ9.eyJhdWQiOiJ0ZXN0YXBwMiIsImV4cCI6MTU5MzQyMDc3MSwic3ViIjoiMGJhYWEyOGUtZGQxOC00NDg2LTg2ZDMtNTQ1MTkzMDdmMGFhIiwic2NvcGUiOiJiYXNpYyJ9.ABheFHoLoPNLkEHgA21IZnXBSp4ariNB4ulpfYf14M585v1QR5bCNxtiwcWSafSXGbWO_F9YW7-hDhbBSvzimnp7lEC7Un7tzMYWiN5E1yc1latXhFAQ5kFh5kD0mrRIxpc9jpXjgFfmud16ioTxBlAdQLwM8Axm7uqOTc2zqxQ
2020-06-29 14:53:02,814 - get_token - INFO - 获取 [access_token] 成功：eyJhbGciOiJSUzI1NiIsInR5cCI6IkpXVCJ9.eyJhdWQiOiJ0ZXN0YXBwMiIsImV4cCI6MTU5MzQyMDc4Mywic3ViIjoiMGJhYWEyOGUtZGQxOC00NDg2LTg2ZDMtNTQ1MTkzMDdmMGFhIiwic2NvcGUiOiJiYXNpYyJ9.lWXMho-CdSTazPOU0hQ2NycVFauMEKuN16V9cYVrCHHOzZ8WHwTsR79RNTH6be3gNI8TZxgMC0ea4JG6qOruiKk9Poz6mbdZBI7QI7ITZWkayFvLj4pSJ6gsB5MZklxfeXoeKLA1uiApQ2GcdfAZ4xmqYKFSJPdHkDfBuPUq8B8
2020-06-29 14:53:17,376 - get_token - INFO - 获取 [access_token] 成功：eyJhbGciOiJSUzI1NiIsInR5cCI6IkpXVCJ9.eyJhdWQiOiJ0ZXN0YXBwMiIsImV4cCI6MTU5MzQyMDc5OCwic3ViIjoiMGJhYWEyOGUtZGQxOC00NDg2LTg2ZDMtNTQ1MTkzMDdmMGFhIiwic2NvcGUiOiJiYXNpYyJ9.QeHakhMuQFHzoBTdpCX1eYszBCl5UevxKDc5XOz0RxI9d9dVCcODUp37pxrUVe8eUaCkGkSPuC-alx3HD6Rq_jCg45XmMrNS3_49cWylr7IEp7SWodC27v9erxi1P_OT82dk7qQSmFbJ6JxpImA-fdXSo1C8LFN6qGKUwF0SrbY
2020-06-29 14:53:38,381 - get_token - INFO - 获取 [access_token] 成功：eyJhbGciOiJSUzI1NiIsInR5cCI6IkpXVCJ9.eyJhdWQiOiJ0ZXN0YXBwMiIsImV4cCI6MTU5MzQyMDgxOSwic3ViIjoiMGJhYWEyOGUtZGQxOC00NDg2LTg2ZDMtNTQ1MTkzMDdmMGFhIiwic2NvcGUiOiJiYXNpYyJ9.T1cqAnIJL95nw6CyrWEl3e3dgtattmWaXZ-xtLmoFtw3eMviPH1sKHdwZhT12SMUMFVEHTKeZeW-22NT0Spm2piijsq3OI6a5TDo0NAA4d3eVz2QEvikVZcjrJJzdmu4FPnGm5nIfaVuh7tPJMOvtTHV82QbvObInUKeLwGv34s
2020-06-29 14:54:59,463 - get_token - INFO - 获取 [access_token] 成功：eyJhbGciOiJSUzI1NiIsInR5cCI6IkpXVCJ9.eyJhdWQiOiJ0ZXN0YXBwMiIsImV4cCI6MTU5MzQyMDkwMCwic3ViIjoiMGJhYWEyOGUtZGQxOC00NDg2LTg2ZDMtNTQ1MTkzMDdmMGFhIiwic2NvcGUiOiJiYXNpYyJ9.iYmwLWXtx53D8Np5MQ2cCSWFV4CVMKjif1y1ggbAytwaEwsZUsuAMOTnK5yfaAi3ula-8PJyaVn6p1U20g94DFsGlr3JsL729BtiMb0sRdKW053pgpOwOeoeYVZdwBE4UWWTzE8XH2C7Mwql6tKcLy9vo7JKSaSz6y2WWlqVdGA
2020-06-29 14:55:19,870 - get_token - INFO - 获取 [access_token] 成功：eyJhbGciOiJSUzI1NiIsInR5cCI6IkpXVCJ9.eyJhdWQiOiJ0ZXN0YXBwMiIsImV4cCI6MTU5MzQyMDkyMCwic3ViIjoiMGJhYWEyOGUtZGQxOC00NDg2LTg2ZDMtNTQ1MTkzMDdmMGFhIiwic2NvcGUiOiJiYXNpYyJ9.Qv1JRRJAJyzZVJJRJid_aFk3qtVGoMKcrcKpKAmsJNkJq8v9QE-dqo0ExWc4MoR09dPtvbwvdK4KZHXGdu0c-L_ZeOy8xcxUAaTerb9LUrxo7yrz7VE58c2R3191vQVUP3sJDXUU5vXj3ifd_0bXj6Yd2NtGXAkwXWljXfJ3Wko
2020-06-29 14:55:42,835 - get_token - INFO - 获取 [access_token] 成功：eyJhbGciOiJSUzI1NiIsInR5cCI6IkpXVCJ9.eyJhdWQiOiJ0ZXN0YXBwMiIsImV4cCI6MTU5MzQyMDk0Mywic3ViIjoiMGJhYWEyOGUtZGQxOC00NDg2LTg2ZDMtNTQ1MTkzMDdmMGFhIiwic2NvcGUiOiJiYXNpYyJ9.CPN3l9aB8hmUl3ZcKSLBC52DQ5mALcup08CT8yRsAa88oQoSDE47-hQqmq4DV7KDbxdPJZUbNDn0mwz82n2DDoVLxt3Gejt9jl7XDaD79HM13FYITr0iL1uH087PDa_TH51i8SoQQSl_2V0lja7t_tDY1zlLHhwgY-IdnVBmR4w
2020-06-29 14:56:09,241 - get_token - INFO - 获取 [access_token] 成功：eyJhbGciOiJSUzI1NiIsInR5cCI6IkpXVCJ9.eyJhdWQiOiJ0ZXN0YXBwMiIsImV4cCI6MTU5MzQyMDk2OSwic3ViIjoiMGJhYWEyOGUtZGQxOC00NDg2LTg2ZDMtNTQ1MTkzMDdmMGFhIiwic2NvcGUiOiJiYXNpYyJ9.E92horLGXxAJ5utrSgaOkDbOvamflJOEev4jWSSKwRrRXNrew1-tPf2HZEIZ04bs2WHm8drBpIczWYegYH3a-yp9t3o6-7CycsV7eoD5ejQrOAiUUhqMF8_1bD3SXj1M9MrmcB0G8TCbGowO-7SMrkYXZNq8HWI0IiQ9EODlQBk
2020-06-29 14:56:21,862 - get_token - INFO - 获取 [access_token] 成功：eyJhbGciOiJSUzI1NiIsInR5cCI6IkpXVCJ9.eyJhdWQiOiJ0ZXN0YXBwMiIsImV4cCI6MTU5MzQyMDk4Miwic3ViIjoiMGJhYWEyOGUtZGQxOC00NDg2LTg2ZDMtNTQ1MTkzMDdmMGFhIiwic2NvcGUiOiJiYXNpYyJ9.Gw6qvTv7Q-JU4dOdyLNAUFN7EEpDto5UCeFPygtFxwRqSO8hD4WEXfUmb8jCZNPsxK-WLhN2n3enu3mMcO5zZalsPl0OVtqEUUiMHSN-y9YA1HdQuvoRe3cQprr2nz66zJdXfKWc6X1PYT5V4LAKV2wW2PEG5RCevPyhu9tpFio
2020-06-29 14:59:23,823 - get_token - INFO - 获取 [access_token] 成功：eyJhbGciOiJSUzI1NiIsInR5cCI6IkpXVCJ9.eyJhdWQiOiJ0ZXN0YXBwMiIsImV4cCI6MTU5MzQyMTE2NCwic3ViIjoiMGJhYWEyOGUtZGQxOC00NDg2LTg2ZDMtNTQ1MTkzMDdmMGFhIiwic2NvcGUiOiJiYXNpYyJ9.enuJv6hcaMzvci_T0u4se89jW9bA7P896LuAIGi3YM6lCVWcW5MvLVDFTcztVLsCIRiRn0Be6lihRUh9e-n84k3NrNgyZXFJGa041QQG_RT-moJ9sIk6G_EcYrzTnw5taolHVdz21HHHJXm-2Eyb3uMhWH44yDnFdDNAZAhSK5I
2020-06-29 15:00:04,839 - get_token - INFO - 获取 [access_token] 成功：eyJhbGciOiJSUzI1NiIsInR5cCI6IkpXVCJ9.eyJhdWQiOiJ0ZXN0YXBwMiIsImV4cCI6MTU5MzQyMTIwNSwic3ViIjoiMGJhYWEyOGUtZGQxOC00NDg2LTg2ZDMtNTQ1MTkzMDdmMGFhIiwic2NvcGUiOiJiYXNpYyJ9.TUiV7at-XE3PqsgY1G5wItfOBN4PW0jH3TqOJZIJPq5Ho28qJuShkI2QTZqEJ84C14iXautnkojGLJeT_vKvpUr6-T-nq_oqMuUZwFhC2cQtknSbSbjtTs2iIVCW2B9vxJf9HLAPv37tlIx3aBewFAVjUoIMTiHtrMEamtMrmUU
2020-06-29 15:01:12,772 - get_token - INFO - 获取 [access_token] 成功：eyJhbGciOiJSUzI1NiIsInR5cCI6IkpXVCJ9.eyJhdWQiOiJ0ZXN0YXBwMiIsImV4cCI6MTU5MzQyMTI3Mywic3ViIjoiMGJhYWEyOGUtZGQxOC00NDg2LTg2ZDMtNTQ1MTkzMDdmMGFhIiwic2NvcGUiOiJiYXNpYyJ9.MMTxB4EYnZ70rJryX5541cKuO0lVtkCqHKQml76mfobXPiDYxFswg2FyStblnXecS3r1qFXKzAkEmh73NHQXJaqSKYx3pG-mO7SDOgUpMjYeyzIlOfCIlqRcyuG71UWWRQjq8Ivbd5BupGD6Wg8X78X1nMWSwGtGvIF3vWbGgyg
2020-06-29 15:01:43,361 - get_token - INFO - 获取 [access_token] 成功：eyJhbGciOiJSUzI1NiIsInR5cCI6IkpXVCJ9.eyJhdWQiOiJ0ZXN0YXBwMiIsImV4cCI6MTU5MzQyMTMwNCwic3ViIjoiMGJhYWEyOGUtZGQxOC00NDg2LTg2ZDMtNTQ1MTkzMDdmMGFhIiwic2NvcGUiOiJiYXNpYyJ9.jZk0yOjaZ8RYrQqWcczBNhRHHqv-9xdUSDjEMYptEbdoOBdfkauNt1LvzQiKcKngITazUjZpJbnDZDPKbn7DppvS6e08WqMZ8E8yfDXn1Xost6a4F2TbXp8SpMFiqO8ZcK4IQP-u-Hu6onPpn5sX4fXiIBluFc8a5TU_YmJMZJs
2020-06-29 15:02:05,633 - get_token - INFO - 获取 [access_token] 成功：eyJhbGciOiJSUzI1NiIsInR5cCI6IkpXVCJ9.eyJhdWQiOiJ0ZXN0YXBwMiIsImV4cCI6MTU5MzQyMTMyNiwic3ViIjoiMGJhYWEyOGUtZGQxOC00NDg2LTg2ZDMtNTQ1MTkzMDdmMGFhIiwic2NvcGUiOiJiYXNpYyJ9.Y2rH-Z2enVP6NzBFoKMYADHbZOFy0VeQlfqVDHGLFTXIzX82LRl5X-bopyPtGCkM0-YMUeQhRIRGJCldu_5Mz4q_QXN8x6Fc5HsvolgK_VWjQvXSzOeubjXPpu6Zs34iGeee_8xbAoq8sVNBAdL3ge38mjdBBXFAwEbZhKtq_0E
2020-06-29 15:02:48,997 - get_token - INFO - 获取 [access_token] 成功：eyJhbGciOiJSUzI1NiIsInR5cCI6IkpXVCJ9.eyJhdWQiOiJ0ZXN0YXBwMiIsImV4cCI6MTU5MzQyMTM2OSwic3ViIjoiMGJhYWEyOGUtZGQxOC00NDg2LTg2ZDMtNTQ1MTkzMDdmMGFhIiwic2NvcGUiOiJiYXNpYyJ9.ZTLKGGi1Yt03-pn_uhk3yVvWle4P5rSBHs3OliQX4lhsr5woOjDJXpkZQeeMtpsPa7GHLJo6kWyMeoQXbihB7uvu6nGM3bhtg2ImCqPiP9dODNzfasrlHRj8JZuPV6_O6508bM-n2in2pV_isAFmAiUxO-2oeJxYxADQi55oxro
2020-06-29 15:03:12,930 - get_token - INFO - 获取 [access_token] 成功：eyJhbGciOiJSUzI1NiIsInR5cCI6IkpXVCJ9.eyJhdWQiOiJ0ZXN0YXBwMiIsImV4cCI6MTU5MzQyMTM5Mywic3ViIjoiMGJhYWEyOGUtZGQxOC00NDg2LTg2ZDMtNTQ1MTkzMDdmMGFhIiwic2NvcGUiOiJiYXNpYyJ9.IttYUygnLZK8AhPB91ZH0epvz_yqTK3-30T-4huCZ0Zqywi2nZQoid3xFJo4I5ZT9ALFz_UObYx3YTgYX-Sntp8Ke-mEPGXVCMiufhNYcLPj-KxYVZDpezdclbzNx4uwsyP-zdxUiBtDeYRtqW42kzZ8uAknWQG1AY7p41wYtmY
2020-06-29 15:35:55,636 - get_token - INFO - 获取 [access_token] 成功：eyJhbGciOiJSUzI1NiIsInR5cCI6IkpXVCJ9.eyJhdWQiOiJ0ZXN0YXBwMiIsImV4cCI6MTU5MzQyMzM1Niwic3ViIjoiMGJhYWEyOGUtZGQxOC00NDg2LTg2ZDMtNTQ1MTkzMDdmMGFhIiwic2NvcGUiOiJiYXNpYyJ9.GWi02WtsuG5lPAvseM1fTb67739kNohtAtRWaE7xgeNrNwDHng5d-ofbSaoiVoUMhCJeRAbUEUvAaK52eEbR7cV3Xts5IfF8eivehGwOPrQpXRDxp1TYgqp0m6FXP5oKfntSbZfV-WudRA03KnaG_Ws-UTSrE_TPUGN4FXM3o3w
2020-06-29 15:36:03,762 - test_Deposit_004 - ERROR - '请输入金额' != None
2020-06-29 15:38:05,108 - get_token - INFO - 获取 [access_token] 成功：eyJhbGciOiJSUzI1NiIsInR5cCI6IkpXVCJ9.eyJhdWQiOiJ0ZXN0YXBwMiIsImV4cCI6MTU5MzQyMzQ4NSwic3ViIjoiMGJhYWEyOGUtZGQxOC00NDg2LTg2ZDMtNTQ1MTkzMDdmMGFhIiwic2NvcGUiOiJiYXNpYyJ9.UwG6TVJdeuRQrM8ziA0zzT1L2QJ49Wn8OkFIdA9KyVNDtWpgjusP-8DDyZOohbjjMGx3Nw2eTmPxZjrCtTVuLAbKAYHa9ZA8KHM9ZUjVAnOTqT2sgDFtUWDmLCdkXXjpsD_x4JP6SQx48aftk6gwyB_xO3i9_0122wu0TMX40S0
2020-06-29 15:38:11,063 - test_Deposit_004 - ERROR - 'str' object is not callable
2020-06-29 15:39:11,725 - get_token - INFO - 获取 [access_token] 成功：eyJhbGciOiJSUzI1NiIsInR5cCI6IkpXVCJ9.eyJhdWQiOiJ0ZXN0YXBwMiIsImV4cCI6MTU5MzQyMzU1Miwic3ViIjoiMGJhYWEyOGUtZGQxOC00NDg2LTg2ZDMtNTQ1MTkzMDdmMGFhIiwic2NvcGUiOiJiYXNpYyJ9.LYO4Rm7J_a6DYYj8eD649wsV9P3vsHhGk_SiYi5PqB8zaEwj6gaEwaG4LWOe-9Fv_ANH2WuCtJD0W-aGZr_xFN7lcxCEBsasLU7_Iap2RezeyAjMtelUCRBSma0IEFKvG-39DUjvlZGLXpgzrT4peGtpQPD7e9YXpth9tzS7DiM
2020-06-29 15:39:17,627 - test_Deposit_004 - ERROR - 'str' object is not callable
2020-06-29 15:39:27,447 - get_token - INFO - 获取 [access_token] 成功：eyJhbGciOiJSUzI1NiIsInR5cCI6IkpXVCJ9.eyJhdWQiOiJ0ZXN0YXBwMiIsImV4cCI6MTU5MzQyMzU2OCwic3ViIjoiMGJhYWEyOGUtZGQxOC00NDg2LTg2ZDMtNTQ1MTkzMDdmMGFhIiwic2NvcGUiOiJiYXNpYyJ9.hnOLV0A6ckUXADUEEvvVaUfgUk6NNjMLjsl18j3JkJHC4mhxhnI6bJSZ0BGukiG4SIXoZ3aRLyUIgtBq8jwYXfX5baSkIQ-PpDkIRTb2Xy1zHIhEPBwAhh8ZXUe7HavK6baH1EtnVpZ1oBLmhWA-ybKR09YAazvyO4WiCa5jWIU
2020-06-29 15:39:56,756 - get_token - INFO - 获取 [access_token] 成功：eyJhbGciOiJSUzI1NiIsInR5cCI6IkpXVCJ9.eyJhdWQiOiJ0ZXN0YXBwMiIsImV4cCI6MTU5MzQyMzU5Nywic3ViIjoiMGJhYWEyOGUtZGQxOC00NDg2LTg2ZDMtNTQ1MTkzMDdmMGFhIiwic2NvcGUiOiJiYXNpYyJ9.mFsOxnEDuWTAuiHEep5rvo_3cx2YK9wiw5Lnf-ZHGRHGpjmzJrF-Gy-MjaUoJZuUG8C_0lm0OTMzO65V3id0e0jcnvwvJu0_51AksBwexQFGTLQSW9Wb5qRFez022zGEsdx4aaw_zPI5WN4D1JfzdFketRcDTENJeUrC7kBeyi4
2020-06-29 15:41:14,352 - get_token - INFO - 获取 [access_token] 成功：eyJhbGciOiJSUzI1NiIsInR5cCI6IkpXVCJ9.eyJhdWQiOiJ0ZXN0YXBwMiIsImV4cCI6MTU5MzQyMzY3NSwic3ViIjoiMGJhYWEyOGUtZGQxOC00NDg2LTg2ZDMtNTQ1MTkzMDdmMGFhIiwic2NvcGUiOiJiYXNpYyJ9.SnW0EeIcv7GIOkCEEz__87t8PCFAVWTqBOfVDLOdjdBhDFcUQ6IXXQQCCpRXMpivbHGNp9rhdZd7iTX9Q3kWhnebVWwNGHcgp8oxvkDl1PRZ5PmwnDCjW7OBHsoI9DOT67TqSJcpYiOWilj2-jhVjQ-GpP4YVjUgcSlnrInIlh4
2020-06-29 15:42:44,147 - get_token - INFO - 获取 [access_token] 成功：eyJhbGciOiJSUzI1NiIsInR5cCI6IkpXVCJ9.eyJhdWQiOiJ0ZXN0YXBwMiIsImV4cCI6MTU5MzQyMzc2NCwic3ViIjoiMGJhYWEyOGUtZGQxOC00NDg2LTg2ZDMtNTQ1MTkzMDdmMGFhIiwic2NvcGUiOiJiYXNpYyJ9.VOxibxKYB_tzTU9FbMPWUK3uza4QC9Q_4aPVXxj8koH-P53922229Ax56KTDqg4Hb_RiWKxvas60L8C2SrK4oueyJE3KUnjvk5O4DSmVsDGiSHcyRbRpEWpVo3-vd0JZG3rJ1aVkc-ckzjDGnOKuEa9eGZkzWqDHwp7n5KDZ05w
2020-06-29 15:45:31,469 - get_token - INFO - 获取 [access_token] 成功：eyJhbGciOiJSUzI1NiIsInR5cCI6IkpXVCJ9.eyJhdWQiOiJ0ZXN0YXBwMiIsImV4cCI6MTU5MzQyMzkzMiwic3ViIjoiMGJhYWEyOGUtZGQxOC00NDg2LTg2ZDMtNTQ1MTkzMDdmMGFhIiwic2NvcGUiOiJiYXNpYyJ9.mz1Ws_ASaGC87l15mHexKrz3yKGbRrzJvvHjru6wurr-wOHCbIqI5IL27HzavujDzrnXzpSHIBy_8vKPNvyCiyIhDwcqm6mxx_-5vTT90yNH4uQwMN3IP624y4TFJ5F_ikM9CXFqxK-wSpssyTDZuo1CLaJzGp4TEBBNIBphZ68
2020-06-29 15:48:20,831 - get_token - INFO - 获取 [access_token] 成功：eyJhbGciOiJSUzI1NiIsInR5cCI6IkpXVCJ9.eyJhdWQiOiJ0ZXN0YXBwMiIsImV4cCI6MTU5MzQyNDEwMSwic3ViIjoiMGJhYWEyOGUtZGQxOC00NDg2LTg2ZDMtNTQ1MTkzMDdmMGFhIiwic2NvcGUiOiJiYXNpYyJ9.olxHgTgO8Ucjmd6Xtcto1T25PIj571Klf_qxGoCGwzOEHrWORj_LGngdpvG9lux1OyOfni-fXyqoGyp-ULJgGxP8lLs2fOC2HukC32lhyI1dAfvZogmJAb3kgphEYMn_dFNboZsewzUw0wn0vqtxFsR0vB6CDzV2Iq_PhAspL7U
2020-06-29 15:50:27,112 - get_token - INFO - 获取 [access_token] 成功：eyJhbGciOiJSUzI1NiIsInR5cCI6IkpXVCJ9.eyJhdWQiOiJ0ZXN0YXBwMiIsImV4cCI6MTU5MzQyNDIyNywic3ViIjoiMGJhYWEyOGUtZGQxOC00NDg2LTg2ZDMtNTQ1MTkzMDdmMGFhIiwic2NvcGUiOiJiYXNpYyJ9.U9lkWK9nh-jRd4Q7OE2sdK0JiKb9TJ9up7G9QiDWCCHUToi9mHWEu4mpyjqKXALqlvysln9EXWzgFHQciCMhUi4jHFrD9gfvqGl2-JGfAfFs-dpkZ3_Ehm1o6deyIcHawBW4HD_ukZZq3dCNxEImS48mtMwhyNnyXund0swWzrM
2020-06-29 15:55:14,675 - get_token - INFO - 获取 [access_token] 成功：eyJhbGciOiJSUzI1NiIsInR5cCI6IkpXVCJ9.eyJhdWQiOiJ0ZXN0YXBwMiIsImV4cCI6MTU5MzQyNDUxNSwic3ViIjoiMGJhYWEyOGUtZGQxOC00NDg2LTg2ZDMtNTQ1MTkzMDdmMGFhIiwic2NvcGUiOiJiYXNpYyJ9.VgO4bfNf5fBhQaEE15OJFnS2LBbe0S4oUsdsxEoDEcNvw56HDi8M1B-yixnThdi2EfSB7kMv3AP0AFRPQ0vlOzQ4oiGmyyx6IKXiLWtf9yBlDLCpa41P5j2Z0pItPS6vxmsDdg60WP6iIlXZzqMMIXlMRONV8aRb3bKUTU3v1BM
2020-06-29 16:02:12,194 - get_token - INFO - 获取 [access_token] 成功：eyJhbGciOiJSUzI1NiIsInR5cCI6IkpXVCJ9.eyJhdWQiOiJ0ZXN0YXBwMiIsImV4cCI6MTU5MzQyNDkzMiwic3ViIjoiMGJhYWEyOGUtZGQxOC00NDg2LTg2ZDMtNTQ1MTkzMDdmMGFhIiwic2NvcGUiOiJiYXNpYyJ9.pZHlaIQmy-xC6_Fr0quJu6r7JXsE49ZBj6s6AX0Sk4XTg4x_Npt5dr9Ol0xwCv46Gd6nVaGTN-YQPdH-FzagiJ0FbEMiU7QFom_qYNYy0uKaNHbYLEhEU-RXYM5CB8qHfjcLa0WNSghfqh5uOOqh8MyRnhx3JK1pTeLfVTsqGCw
2020-06-29 17:01:03,200 - get_token - INFO - 获取 [access_token] 成功：eyJhbGciOiJSUzI1NiIsInR5cCI6IkpXVCJ9.eyJhdWQiOiJ0ZXN0YXBwMiIsImV4cCI6MTU5MzQyODQ2Mywic3ViIjoiMGJhYWEyOGUtZGQxOC00NDg2LTg2ZDMtNTQ1MTkzMDdmMGFhIiwic2NvcGUiOiJiYXNpYyJ9.Bj67eUUTA7GApgFzTIzVUormRStjkdMUhx-MgL4S1sASQ6kLS5S2KmzbMc29SHoWYRIeEUTpb5bD4c2451KUYHIp7krAKu67XPw1yn1PMyU9_BQOjwGcXddZEEaWtvq9WMVMGpIZLd2cnSYHPBDtWJKEVpk-6jZc04J87DM7Sys
2020-06-29 17:16:08,979 - get_token - INFO - 获取 [access_token] 成功：eyJhbGciOiJSUzI1NiIsInR5cCI6IkpXVCJ9.eyJhdWQiOiJ0ZXN0YXBwMiIsImV4cCI6MTU5MzQyOTM2OSwic3ViIjoiMGJhYWEyOGUtZGQxOC00NDg2LTg2ZDMtNTQ1MTkzMDdmMGFhIiwic2NvcGUiOiJiYXNpYyJ9.fgIBdRSjIz68WlJz5fIZbweuCkFhGrR8_YEBvLia6nIT0LHhpfUa1xUrs0wzMVbXt70FBLgWd5Qbq4-NVJJKdt-94HrLRB7qk0vl9VZxqUJ5ZJROiG-EcLLFRsTb1Hvcsbnu654rVEMG5rmmT7jvkV6hfKRP47E_QEnJRXLvpOE
2020-06-29 17:16:54,518 - get_token - INFO - 获取 [access_token] 成功：eyJhbGciOiJSUzI1NiIsInR5cCI6IkpXVCJ9.eyJhdWQiOiJ0ZXN0YXBwMiIsImV4cCI6MTU5MzQyOTQxNSwic3ViIjoiMGJhYWEyOGUtZGQxOC00NDg2LTg2ZDMtNTQ1MTkzMDdmMGFhIiwic2NvcGUiOiJiYXNpYyJ9.P3awn3aPqyCzBYQg-K0tHbMXY2aOc8SnH-2e0IKrAVEq-thNtYBwMQ4EqepHXQO_GMgYsh9Q51ds2uu5vqnkwaY-27RSOn9xzhP1LiQqRUMaURRayIHr3mKO1SrDfqLk9_uSmxBz-PWaTJc0bEB8Qdy1IpAvda6ppMpveWkBX4Q
2020-06-29 17:17:01,336 - test_Deposit_004 - ERROR -  :: 100 != None
2020-06-29 17:19:50,406 - get_token - INFO - 获取 [access_token] 成功：eyJhbGciOiJSUzI1NiIsInR5cCI6IkpXVCJ9.eyJhdWQiOiJ0ZXN0YXBwMiIsImV4cCI6MTU5MzQyOTU5MSwic3ViIjoiMGJhYWEyOGUtZGQxOC00NDg2LTg2ZDMtNTQ1MTkzMDdmMGFhIiwic2NvcGUiOiJiYXNpYyJ9.q3d9zYKAT2Do1uT2wafMe_jjQxmPD5SDQgsIn5HLucqOcvndMA9dz2CVrAEz0h8K-27HAtpbQRV-K-sdMZddRkpHuJUSkyaHUUuSxNTDOikPYbqm17Umm8MEjEWsI6o8R_osp0xC31Zw1B48_euk78q9q8-jXyCz5CV-J7fUh0w
2020-06-29 17:19:57,118 - test_Deposit_004 - ERROR -  :: 100 != None
2020-06-29 17:20:27,658 - get_token - INFO - 获取 [access_token] 成功：eyJhbGciOiJSUzI1NiIsInR5cCI6IkpXVCJ9.eyJhdWQiOiJ0ZXN0YXBwMiIsImV4cCI6MTU5MzQyOTYyOCwic3ViIjoiMGJhYWEyOGUtZGQxOC00NDg2LTg2ZDMtNTQ1MTkzMDdmMGFhIiwic2NvcGUiOiJiYXNpYyJ9.jyxWwDjSO6omhl9L7QFWeElZ7aE6V0kiR08523V-LaUTi6WGc7H7cTtnbBGx3PzfyyyxQqob4duE_Bnryv7rmqFW_jk7ufNQ3a6sqObSchy0z4VZYmpKiETALOFxRvgsLzMZMfzRGUYhUo9sQDTZXr0Q0o_oLqX6R2kGAeDnYsg
2020-06-29 17:20:55,243 - get_token - INFO - 获取 [access_token] 成功：eyJhbGciOiJSUzI1NiIsInR5cCI6IkpXVCJ9.eyJhdWQiOiJ0ZXN0YXBwMiIsImV4cCI6MTU5MzQyOTY1NSwic3ViIjoiMGJhYWEyOGUtZGQxOC00NDg2LTg2ZDMtNTQ1MTkzMDdmMGFhIiwic2NvcGUiOiJiYXNpYyJ9.l0Iay-PoVmIrPf4nKb5YEz_WjqAGPclUg1lWkmSulFogBzTLSBqDSnzTociPmtrVyOCukmetsPwkWRccGWUxPgX0JFlsTBFzTot9zKsOsXLBegvUocHfFDn3ypm-MKuMvSAhXUSE-Jy8qMfIjD6PMo2ZtSNraFp9WRpgpxbYnY8
2020-06-29 17:21:27,459 - get_token - INFO - 获取 [access_token] 成功：eyJhbGciOiJSUzI1NiIsInR5cCI6IkpXVCJ9.eyJhdWQiOiJ0ZXN0YXBwMiIsImV4cCI6MTU5MzQyOTY4OCwic3ViIjoiMGJhYWEyOGUtZGQxOC00NDg2LTg2ZDMtNTQ1MTkzMDdmMGFhIiwic2NvcGUiOiJiYXNpYyJ9.HplMxhmiuSVHnuhU3wG9QCq64HiWy7MlwAMqp0eKF0jb3BLGCw6QzF8W2rzV6T8G57UXXdUf8g19yJkL7IeA12thezQ3kO57CJfnPk3leGYlML-HUdIMfdVO-EZ7EvCU0CN6tJ_gq7Tl8ECpwpVfDiaB25GkhqrAsEhETY5pzhY
2020-06-29 17:21:34,474 - test_Deposit_004 - ERROR -  :: 100 != 400
2020-06-29 17:21:45,858 - get_token - INFO - 获取 [access_token] 成功：eyJhbGciOiJSUzI1NiIsInR5cCI6IkpXVCJ9.eyJhdWQiOiJ0ZXN0YXBwMiIsImV4cCI6MTU5MzQyOTcwNiwic3ViIjoiMGJhYWEyOGUtZGQxOC00NDg2LTg2ZDMtNTQ1MTkzMDdmMGFhIiwic2NvcGUiOiJiYXNpYyJ9.cBynIiUSPWbOWOrreENEfi1ZsAMxS4lToH2lNHL10cqSjoVX2E5W59w64KUHz1omleWDb1KjESMPGsgiwGax4FTooT4Ztm5IxCPzME58qB-Gz94jI6OeYYWZj0MO0262LGf4XIahk-k1wYnuUIU8rRyjF9aIaB3cNzJwPxM1m5E
2020-06-29 17:21:52,802 - test_Deposit_004 - ERROR -  :: 100 != 400
2020-06-29 17:23:43,230 - get_token - INFO - 获取 [access_token] 成功：eyJhbGciOiJSUzI1NiIsInR5cCI6IkpXVCJ9.eyJhdWQiOiJ0ZXN0YXBwMiIsImV4cCI6MTU5MzQyOTgyMywic3ViIjoiMGJhYWEyOGUtZGQxOC00NDg2LTg2ZDMtNTQ1MTkzMDdmMGFhIiwic2NvcGUiOiJiYXNpYyJ9.SMHDq6982JQXctquxeoUK9o1vW92ahmguhNGR1R3mrFp4pcPEsVSixxGbC6xszrji-h90kji_jL68TP32lYMaoXwAXmGxRw4WWDXiWQT5yOLvQsAgU48cZFVApq6xEK5Lvw9MW1JAyZXdeX3osHgzJU4n8j0Q4HIf5u_ehSACcc
2020-06-29 17:23:49,901 - test_Deposit_004 - ERROR -  :: 100 != 700
2020-06-29 17:26:29,619 - get_token - INFO - 获取 [access_token] 成功：eyJhbGciOiJSUzI1NiIsInR5cCI6IkpXVCJ9.eyJhdWQiOiJ0ZXN0YXBwMiIsImV4cCI6MTU5MzQyOTk5MCwic3ViIjoiMGJhYWEyOGUtZGQxOC00NDg2LTg2ZDMtNTQ1MTkzMDdmMGFhIiwic2NvcGUiOiJiYXNpYyJ9.ZvAsWqMeE0kIEuLax3Ljs7ls35g3ky7PCHKLdCPb8BbxD5P3Kah-bGVUV1ev6tGWJ9z00LI8ZjFdlX_jVoI1mdZHiVOEgvTW5TbcVwPiYvdb5tcmcqdFo-smhDkfWrGhvalKHP7FJuXiEqAHkFwESzCM78JrUrgQQclCbjM5K88
2020-06-29 17:26:36,390 - test_Deposit_004 - ERROR -  :: 100 != 700
2020-06-29 17:26:58,813 - get_token - INFO - 获取 [access_token] 成功：eyJhbGciOiJSUzI1NiIsInR5cCI6IkpXVCJ9.eyJhdWQiOiJ0ZXN0YXBwMiIsImV4cCI6MTU5MzQzMDAxOSwic3ViIjoiMGJhYWEyOGUtZGQxOC00NDg2LTg2ZDMtNTQ1MTkzMDdmMGFhIiwic2NvcGUiOiJiYXNpYyJ9.gv3u7bkMAN3JhMtXA4GAhFPZZBq5PW5bhfneuf5fma2vRXO8yDWbOZ4UMha116QhExM3NaDk9bfLQaf91EIEiTimGQYuIbBn_UbFZvZVhn5Qs3T48hyA9KXpTBRKGjoZa9i64KAW_tw0NAv9lcEj5cX8VH304xJGxmR9eWwTNBU
2020-06-29 17:31:39,324 - get_token - INFO - 获取 [access_token] 成功：eyJhbGciOiJSUzI1NiIsInR5cCI6IkpXVCJ9.eyJhdWQiOiJ0ZXN0YXBwMiIsImV4cCI6MTU5MzQzMDMwMCwic3ViIjoiMGJhYWEyOGUtZGQxOC00NDg2LTg2ZDMtNTQ1MTkzMDdmMGFhIiwic2NvcGUiOiJiYXNpYyJ9.IRFvB9MqJHkxzDCXMxgZkNNkxdEsF5BT_g8gtHg2L68uJgBdcsqSMGcPSxlJGDtEzgQ0uSm92fbEOIk9uMhZ1uE5nOndrjnMI9GtqIT-IuRm1aUbRGJWcLhwZ4KS2XK4-QrBonfLncu4cyuRgSD_fDV_a8kPYSWd2mGR-vW1CTQ
2020-06-29 17:31:59,909 - get_token - INFO - 获取 [access_token] 成功：eyJhbGciOiJSUzI1NiIsInR5cCI6IkpXVCJ9.eyJhdWQiOiJ0ZXN0YXBwMiIsImV4cCI6MTU5MzQzMDMyMCwic3ViIjoiMGJhYWEyOGUtZGQxOC00NDg2LTg2ZDMtNTQ1MTkzMDdmMGFhIiwic2NvcGUiOiJiYXNpYyJ9.Xf112od39z6b0FKNJjWS7TnxOS4uC6Yq7b1LfT4jkAXfneMhbuN26slyoCCjBmJP6HIgSj4wtOsFTo_I_yU563wNdKtFiRy3TfYWTHWNIAVt4ordYeZvixc4Ih9HdBFbQKFu9DYJK4MhlGvKo1BeVQ8tZjbvDieAqob8Awiy-ac
2020-06-29 17:32:27,816 - get_token - INFO - 获取 [access_token] 成功：eyJhbGciOiJSUzI1NiIsInR5cCI6IkpXVCJ9.eyJhdWQiOiJ0ZXN0YXBwMiIsImV4cCI6MTU5MzQzMDM0OCwic3ViIjoiMGJhYWEyOGUtZGQxOC00NDg2LTg2ZDMtNTQ1MTkzMDdmMGFhIiwic2NvcGUiOiJiYXNpYyJ9.miSeyWYRzV4Hjc7lrzbycKz1iFcVClf3sV0y3aHO8T1CWy3SXugiwwuIB6vevf1sfSQ9es9-WVKMpfkgnyRjj192bHpBO3hWDzCd2MiSOMqD_QGeK1tfFIc6OrSe_kGEQml0vvFLTxaD3PiV9QGTbb-YkmfLnnuB1psTvUV3lKY
2020-06-29 17:32:34,387 - test_Deposit_004 - ERROR -  :: 700 != 800
2020-06-29 17:33:40,179 - get_token - INFO - 获取 [access_token] 成功：eyJhbGciOiJSUzI1NiIsInR5cCI6IkpXVCJ9.eyJhdWQiOiJ0ZXN0YXBwMiIsImV4cCI6MTU5MzQzMDQyMCwic3ViIjoiMGJhYWEyOGUtZGQxOC00NDg2LTg2ZDMtNTQ1MTkzMDdmMGFhIiwic2NvcGUiOiJiYXNpYyJ9.SgMB-SK6UXLxblg2mQtd6Jqh5AGLGE92eA3o89QvTbMGovNfxwu_KUx9wmohfTi2WTolT2Yc-zTvP4GbJYjg1BU8mZ1eKS4x-GJZTj3AAI3SZeQ32g2l0mX4qwid0Pk891O5kNV706UGyMmYHvJ_UcKrV6HRFdbH0OW3NoZPKcY
2020-06-29 17:34:03,440 - get_token - INFO - 获取 [access_token] 成功：eyJhbGciOiJSUzI1NiIsInR5cCI6IkpXVCJ9.eyJhdWQiOiJ0ZXN0YXBwMiIsImV4cCI6MTU5MzQzMDQ0NCwic3ViIjoiMGJhYWEyOGUtZGQxOC00NDg2LTg2ZDMtNTQ1MTkzMDdmMGFhIiwic2NvcGUiOiJiYXNpYyJ9.ZlJEFKEOxd0xddoILwVW5O1K5oRipDiBFFsbaMD-X2vCE_3vm2mO6FjjRkRifz022jJTq7nR1sH8EkpqUmNnG9BQjbE5-mlUOqKY0Rv_uGhZfw2TwG0orvk3CwYwUWjNAm40r_XGCoIj7Ys8Rp3tRFeCfk1cY6IclXhpyfqOvvE
2020-06-29 17:34:44,606 - get_token - INFO - 获取 [access_token] 成功：eyJhbGciOiJSUzI1NiIsInR5cCI6IkpXVCJ9.eyJhdWQiOiJ0ZXN0YXBwMiIsImV4cCI6MTU5MzQzMDQ4NSwic3ViIjoiMGJhYWEyOGUtZGQxOC00NDg2LTg2ZDMtNTQ1MTkzMDdmMGFhIiwic2NvcGUiOiJiYXNpYyJ9.HpKmVuHgdgvnsU0JY5id1HJP1BDlHpF_Y5cbbTwUsBFTimks6KEbOZ3uwQYTBCjCSVX9dgVjbIXLTJu6QImhColUemcTCq99wqhcAIM9ZGho3KGQWgIXcdQe1Awr5VyF3WVCcI7q8j_OBMBzMHRBwn9abi9Y4BiFP0cXQxssbCU
2020-06-29 17:35:33,715 - get_token - INFO - 获取 [access_token] 成功：eyJhbGciOiJSUzI1NiIsInR5cCI6IkpXVCJ9.eyJhdWQiOiJ0ZXN0YXBwMiIsImV4cCI6MTU5MzQzMDUzNCwic3ViIjoiMGJhYWEyOGUtZGQxOC00NDg2LTg2ZDMtNTQ1MTkzMDdmMGFhIiwic2NvcGUiOiJiYXNpYyJ9.dcj4bmbMD5HYtW8UKnR8aOfAlItOHCjiWyzlRbjxqNIqDwR-mi4GLeYgiwjEn3pCbe5ZuzQ2fedLlSt41wwUaO7hbeCA22zPXosMski7JXaO1XrjFSqFevIX6Xw22N0CCbKQtQcJre62YlaiUzk4Z61J4DiVexKQL94weFH4270
2020-06-29 17:35:40,458 - test_Deposit_004 - ERROR -  :: 100 != 800
2020-06-29 17:35:56,421 - get_token - INFO - 获取 [access_token] 成功：eyJhbGciOiJSUzI1NiIsInR5cCI6IkpXVCJ9.eyJhdWQiOiJ0ZXN0YXBwMiIsImV4cCI6MTU5MzQzMDU1Nywic3ViIjoiMGJhYWEyOGUtZGQxOC00NDg2LTg2ZDMtNTQ1MTkzMDdmMGFhIiwic2NvcGUiOiJiYXNpYyJ9.PkaAzKnty6PGe-J53a2-SVyGWN4aCOGQ51oW2V1PEmiVrj-AVTtUusQUmtd2nwouKI1l3ifW13AknJB0yBvhKgsGk2PuBVkj27fVPdZqQ-wKwrcY5ir9626AYW75IstA9QprjElueolZCzZ4cUgeks5o7lWcJVZivpEVceNiFfA
2020-06-29 17:36:03,190 - test_Deposit_004 - ERROR -  :: 100 != 600
2020-06-29 17:36:26,559 - get_token - INFO - 获取 [access_token] 成功：eyJhbGciOiJSUzI1NiIsInR5cCI6IkpXVCJ9.eyJhdWQiOiJ0ZXN0YXBwMiIsImV4cCI6MTU5MzQzMDU4Nywic3ViIjoiMGJhYWEyOGUtZGQxOC00NDg2LTg2ZDMtNTQ1MTkzMDdmMGFhIiwic2NvcGUiOiJiYXNpYyJ9.VGIBoHspI_Ek7o7v7feVZUR1TkZtsKQe9IcxbKPs8kxsAaHFnkniq6HgWpUDAhOu_EbYH15KxXiqTLgE4Ei9oeBScGgxe1gl2ogwA70tzg81FGpJmRDo52nyw1LdDoexcw7qTqK_D_q8E43w-mqGfLLB9TF3XDYdpsnr9u0Ul_g
2020-06-29 17:36:52,546 - get_token - INFO - 获取 [access_token] 成功：eyJhbGciOiJSUzI1NiIsInR5cCI6IkpXVCJ9.eyJhdWQiOiJ0ZXN0YXBwMiIsImV4cCI6MTU5MzQzMDYxMywic3ViIjoiMGJhYWEyOGUtZGQxOC00NDg2LTg2ZDMtNTQ1MTkzMDdmMGFhIiwic2NvcGUiOiJiYXNpYyJ9.W6Z1leAa-MEW-dqu4yMNg_PczIRQuARD--wsQDIS515zerwJw2qppE_jTr0TZWNxsHE7O86Byf1tI_DtE_W7iBzHeAs2_hwZW7FpAdDCjYFAUHLq2ZIc1WptwHJAtFmvNsBqsOnplQ7MoLKCPI-18QHV9M65WHPa-eCxuxpEM2s
2020-06-29 17:36:59,450 - test_Deposit_004 - ERROR -  :: 100 != 800
2020-06-29 17:37:28,822 - get_token - INFO - 获取 [access_token] 成功：eyJhbGciOiJSUzI1NiIsInR5cCI6IkpXVCJ9.eyJhdWQiOiJ0ZXN0YXBwMiIsImV4cCI6MTU5MzQzMDY0OSwic3ViIjoiMGJhYWEyOGUtZGQxOC00NDg2LTg2ZDMtNTQ1MTkzMDdmMGFhIiwic2NvcGUiOiJiYXNpYyJ9.p5hTW8ZkZfmete3xFfI6RUBLHa4XcR25p3SApOMQwT66xWOcqHADZMMvChcJprIexRzP0kM89_v2wh8OiNtW7tZjyKmcitW6w84l72DWLdZc4TGWJcmgtotsscgEXqwjugr2IUGxixnKyIm0o3jYJu-IFDNymWH2k9HzGnmFtiM
2020-06-29 17:37:36,174 - test_Deposit_004 - ERROR -  :: 100 != 800
2020-06-29 17:37:53,055 - get_token - INFO - 获取 [access_token] 成功：eyJhbGciOiJSUzI1NiIsInR5cCI6IkpXVCJ9.eyJhdWQiOiJ0ZXN0YXBwMiIsImV4cCI6MTU5MzQzMDY3Mywic3ViIjoiMGJhYWEyOGUtZGQxOC00NDg2LTg2ZDMtNTQ1MTkzMDdmMGFhIiwic2NvcGUiOiJiYXNpYyJ9.R6t4gBGFo5zkloFhyO33jBM-5DjWNzRs9c_rRCIW9nWkiv1ZolIoziZEPaEsqYWNP5ETQdBy2_DXDcuc0PlRiQz7Dw7_RfteWrcs5k32XDd3aYaKiVDaojS9KXajUhtnauuKuUlki0XATO5pOT8h791qd3JcXFl0VMPaASp5PF0
2020-06-29 17:37:59,818 - test_Deposit_004 - ERROR -  :: 100 != 900
2020-06-29 17:38:20,229 - get_token - INFO - 获取 [access_token] 成功：eyJhbGciOiJSUzI1NiIsInR5cCI6IkpXVCJ9.eyJhdWQiOiJ0ZXN0YXBwMiIsImV4cCI6MTU5MzQzMDcwMCwic3ViIjoiMGJhYWEyOGUtZGQxOC00NDg2LTg2ZDMtNTQ1MTkzMDdmMGFhIiwic2NvcGUiOiJiYXNpYyJ9.sms-J1aTk-tRmfgHjCMRheZzGIbZKtE5-etcToGoGyxrY__Ra5rU6GRmwSxIRhzc7Xhbs4qIevSlxKPjP0WWGGPgrnqkrsIfSumF9Y12ENLx6AwzXaiIY5lL11nL1PEow9yPlnZ1NFBbj56k0aOSpBWGgLGmS4OAC0Q9d0EYQTc
2020-06-29 17:38:38,390 - get_token - INFO - 获取 [access_token] 成功：eyJhbGciOiJSUzI1NiIsInR5cCI6IkpXVCJ9.eyJhdWQiOiJ0ZXN0YXBwMiIsImV4cCI6MTU5MzQzMDcxOSwic3ViIjoiMGJhYWEyOGUtZGQxOC00NDg2LTg2ZDMtNTQ1MTkzMDdmMGFhIiwic2NvcGUiOiJiYXNpYyJ9.c1_ghDWLBl1PIa1b1XjJvo2NPZ4JKnuIUiM0p5V9tAsMuZ9EY3VCQJVRKPCK3I7VkAGsK2praRPDxL7ItkObKP45VD0WVJ9lFgv-5Pb6elmDoXy6Ruez8BOqmbc2soGGWZ26MLvH9IILjr60av47DDGEnMzXf9HBiZ5TM231hwU
2020-06-29 17:39:00,388 - get_token - INFO - 获取 [access_token] 成功：eyJhbGciOiJSUzI1NiIsInR5cCI6IkpXVCJ9.eyJhdWQiOiJ0ZXN0YXBwMiIsImV4cCI6MTU5MzQzMDc0MSwic3ViIjoiMGJhYWEyOGUtZGQxOC00NDg2LTg2ZDMtNTQ1MTkzMDdmMGFhIiwic2NvcGUiOiJiYXNpYyJ9.gwwlwBvdq7XjWIYf6tv0F5a7-bJESBHMG9eqfhXMrAtGIsAvTL8PJaV6ZItJWMsNlNtyrCHH55VA91CS6lcUM7hEDW3CAJJPREOz62sSQBZkZLoE5IwenHUH3eMuC3ghh1gK5Mf0i7LZ_jJGD2oLOxWyTygEqDLbSCOP3DwCHhI
2020-06-29 17:39:18,230 - get_token - INFO - 获取 [access_token] 成功：eyJhbGciOiJSUzI1NiIsInR5cCI6IkpXVCJ9.eyJhdWQiOiJ0ZXN0YXBwMiIsImV4cCI6MTU5MzQzMDc1OCwic3ViIjoiMGJhYWEyOGUtZGQxOC00NDg2LTg2ZDMtNTQ1MTkzMDdmMGFhIiwic2NvcGUiOiJiYXNpYyJ9.egm8fPgagizLiLYEbwPF-sXtpUVmbSCdRN--qGHVkMmyZx0reI-8_KuPqzfX2GRKv80jROFzwag1Wv3V5r5dV6286RQVOk4p6hDJ5ix-yIjhf1uYH21oc7gT4_-NJDP9UlON3scR5zjHsccstQ1tqClKEw1ymfh9ACv-2S1Dqb8
2020-06-29 17:39:31,013 - get_token - INFO - 获取 [access_token] 成功：eyJhbGciOiJSUzI1NiIsInR5cCI6IkpXVCJ9.eyJhdWQiOiJ0ZXN0YXBwMiIsImV4cCI6MTU5MzQzMDc3MSwic3ViIjoiMGJhYWEyOGUtZGQxOC00NDg2LTg2ZDMtNTQ1MTkzMDdmMGFhIiwic2NvcGUiOiJiYXNpYyJ9.gzGEuPJv6vM4nWH2VEKmq_NFNIvnQag6Sd8fSInFlkMzLOe8x-fjcUAkX_-sQtOCVLbGy8YKHSn-Sa461Xj8xx0U8Y_7HiHku_10EuQzM9DIB8c6u6zW1KHwOs_SkbHkXmBqu6L8vuhOv617oEcC0zqR-yTJ7hZXm_seknQ-Z3o
2020-06-29 17:39:49,182 - get_token - INFO - 获取 [access_token] 成功：eyJhbGciOiJSUzI1NiIsInR5cCI6IkpXVCJ9.eyJhdWQiOiJ0ZXN0YXBwMiIsImV4cCI6MTU5MzQzMDc4OSwic3ViIjoiMGJhYWEyOGUtZGQxOC00NDg2LTg2ZDMtNTQ1MTkzMDdmMGFhIiwic2NvcGUiOiJiYXNpYyJ9.KIYGrrU03sXdzL6i04VErbqBH5pAnYE6411FD1AX_G1tMdk-3l09vwJuwb-DSEu7kBXEMuaixmsxk0Zxy6DhffozgpU7wqw5QMCSHJG4y33tX74kB0v3flaUKRB0RXCdevFeqmKGP59nvhWKiXM978Mm9zWcJGCUq5uxY9_kqZU
2020-06-29 17:40:07,313 - get_token - INFO - 获取 [access_token] 成功：eyJhbGciOiJSUzI1NiIsInR5cCI6IkpXVCJ9.eyJhdWQiOiJ0ZXN0YXBwMiIsImV4cCI6MTU5MzQzMDgwOCwic3ViIjoiMGJhYWEyOGUtZGQxOC00NDg2LTg2ZDMtNTQ1MTkzMDdmMGFhIiwic2NvcGUiOiJiYXNpYyJ9.Jxh4fS7kmTaNkXiqIrqFR0ZLjH3ZT7g_D2TncO9LjfiPA9VNaD737H5NKZj9BsvnfOU427HbdEoHAbZIESXfoQMcTW-GFTTfwllA9yAFtUYkTlVVxpvz-UdBsHbL45uxJ4lAUFprxBv-VinSnTOaIKnRqgFLmu8Z8NvqVeQ5xFk
2020-06-29 17:41:12,705 - get_token - INFO - 获取 [access_token] 成功：eyJhbGciOiJSUzI1NiIsInR5cCI6IkpXVCJ9.eyJhdWQiOiJ0ZXN0YXBwMiIsImV4cCI6MTU5MzQzMDg3Mywic3ViIjoiMGJhYWEyOGUtZGQxOC00NDg2LTg2ZDMtNTQ1MTkzMDdmMGFhIiwic2NvcGUiOiJiYXNpYyJ9.ImrrOnK6J_DGtCCU9DXS5MD1NN2XkBxkYt2GypTrtyYiaJLuYQjjqW84uUUWSlWC1xesk-hXsbAjHhvFk3x-PiS6Y5FL3dj-X1UVdTVVdGxUNzVgFrj8C3ylpJqVtd2qCnFXaX5QWLeWjIHct9k4JUsQDwgJ1oDjVETEX5XxnKw
2020-06-29 17:41:27,848 - get_token - INFO - 获取 [access_token] 成功：eyJhbGciOiJSUzI1NiIsInR5cCI6IkpXVCJ9.eyJhdWQiOiJ0ZXN0YXBwMiIsImV4cCI6MTU5MzQzMDg4OCwic3ViIjoiMGJhYWEyOGUtZGQxOC00NDg2LTg2ZDMtNTQ1MTkzMDdmMGFhIiwic2NvcGUiOiJiYXNpYyJ9.sZH6fm_ZbeGICMTHzYaLTodaBHCW3iAaQClneGUHpXKUho90__ybUBjwN0T8sQ7X9DZQwA04XFbHdJ_sCmatVSTYkehbJnRxrWj7cy0g42V8cXgtMhtXGpWkLWc9AwOoLdrpemSabgHCkJbMGGLwwIKL0hKT_fEd6Aqe-26wxT8
2020-06-29 17:54:35,511 - get_token - INFO - 获取 [access_token] 成功：eyJhbGciOiJSUzI1NiIsInR5cCI6IkpXVCJ9.eyJhdWQiOiJ0ZXN0YXBwMiIsImV4cCI6MTU5MzQzMTY3Niwic3ViIjoiMGJhYWEyOGUtZGQxOC00NDg2LTg2ZDMtNTQ1MTkzMDdmMGFhIiwic2NvcGUiOiJiYXNpYyJ9.SqTBf22d66SXDf0NWaXOZjIDh3BTELQKLKPhubnhaQe68cWXFl4X4mZLl8BRj2vvgr1O-e7s_ksCaZGZtZe6gvlKnV66jAVjQD1HVv_-rUJa7ci18-mJMaGH5OsG3EiN4qrw78zGXSXYduY0E1KNEVNo55-GDu65kRRn9TqrQm0
2020-06-29 18:03:05,336 - get_token - INFO - 获取 [access_token] 成功：eyJhbGciOiJSUzI1NiIsInR5cCI6IkpXVCJ9.eyJhdWQiOiJ0ZXN0YXBwMiIsImV4cCI6MTU5MzQzMjE4Niwic3ViIjoiMGJhYWEyOGUtZGQxOC00NDg2LTg2ZDMtNTQ1MTkzMDdmMGFhIiwic2NvcGUiOiJiYXNpYyJ9.iyESAyGSC0jJmPl12AkbaidK_YmR1rLwdXCRGmiSw1Myv9K2ueEnTckk8OPXuPu9uLZHXaUNFy27P6Y2kU99jawtW8eQ960gu9th5a6OhNxJsspcwA1QZG48XLvdx-sSLAKcbX61FuSiIduBatjSzStXZJq_djPxfVrDV9hmiwQ
2020-06-29 18:03:43,894 - get_token - INFO - 获取 [access_token] 成功：eyJhbGciOiJSUzI1NiIsInR5cCI6IkpXVCJ9.eyJhdWQiOiJ0ZXN0YXBwMiIsImV4cCI6MTU5MzQzMjIyNCwic3ViIjoiMGJhYWEyOGUtZGQxOC00NDg2LTg2ZDMtNTQ1MTkzMDdmMGFhIiwic2NvcGUiOiJiYXNpYyJ9.oSrKoq2obGTVX_bAr1zkOrMW0RCeIAqxrvjGmfJ6I8inlswKoyU8Rw-QIqHrdMsF03lVa9Ac8good2i-kdme6juY89cfLMR2t1lJNuu6Kyw4S--IRvUxCqsBsvO-7hIOQHcZB0NlYqiuVld-rnePSk_dOi8Nezlojt9Ltawudhg
2020-06-29 18:06:55,225 - get_token - INFO - 获取 [access_token] 成功：eyJhbGciOiJSUzI1NiIsInR5cCI6IkpXVCJ9.eyJhdWQiOiJ0ZXN0YXBwMiIsImV4cCI6MTU5MzQzMjQxNSwic3ViIjoiMGJhYWEyOGUtZGQxOC00NDg2LTg2ZDMtNTQ1MTkzMDdmMGFhIiwic2NvcGUiOiJiYXNpYyJ9.CJj9-DDs_s5DHLiy9tm8aAFsAQSfHVGLs1pD9t9RloZZPmLD9SJY2PJZ9Fo3Zcb2OMKTt8f2r6EgGXEKCq5GmG94oanlrD1lOc1wmtfNSE_KZ_0uaSo0sWH-ni4FuOvguJPMevgjH8thbWFCs8i_bXQuAq8iUn7qjsSR9hpYZQI
2020-06-29 18:13:57,618 - get_token - INFO - 获取 [access_token] 成功：eyJhbGciOiJSUzI1NiIsInR5cCI6IkpXVCJ9.eyJhdWQiOiJ0ZXN0YXBwMiIsImV4cCI6MTU5MzQzMjgzOCwic3ViIjoiMGJhYWEyOGUtZGQxOC00NDg2LTg2ZDMtNTQ1MTkzMDdmMGFhIiwic2NvcGUiOiJiYXNpYyJ9.DwmpiJMV2xrK2BLwO43KLPahkqgN_OKUjs6KWJqT9p-kyxVjUoBkQEeKd_muasuwAKxpm3h7BVNYItOCGjE_YAXCasZxCc5QtdkiApGKap57UZB5lMBt09oo5pMxHtpCZDUqR5RdR805koPDi2X1Lh7TJio12-MbhpiLD7xkrRI
2020-06-29 18:14:04,132 - test_Deposit_004 - ERROR -  :: 100 != 7
2020-06-29 18:14:16,020 - get_token - INFO - 获取 [access_token] 成功：eyJhbGciOiJSUzI1NiIsInR5cCI6IkpXVCJ9.eyJhdWQiOiJ0ZXN0YXBwMiIsImV4cCI6MTU5MzQzMjg1Niwic3ViIjoiMGJhYWEyOGUtZGQxOC00NDg2LTg2ZDMtNTQ1MTkzMDdmMGFhIiwic2NvcGUiOiJiYXNpYyJ9.H9W7P_hlIBpwDPjU2bpCGIP2AINGV4cEPsACnGp5Kdeoyl1ofxqJXkKg1rGoqk1hKSZIDFCruKBfEOa9Jxl9B8Mo_-LcARWyaLiREJ1xcOG_2rufWXPTUkvSCtSTvapp2y-LAWjHrA4kMmz1ziohzt0w1Q3-u4B9zwDdzwv3DZ8
