2022-03-24 01:07:07,375 - sign_login - INFO - Request Url：
https://operation-center-develop.eddid.com.cn:1443/sign/login
2022-03-24 01:07:07,375 - sign_login - INFO - Request Body：
{
    "area":"+86",
    "host":"operation-center-web-sz-develop.eddid.com.cn",
    "phone":"17722527464",
    "sms":"666666"
}
2022-03-24 01:07:07,375 - sign_login - INFO - Request Header：
{
    "Content-Type":"application/json; charset=UTF-8"
}
2022-03-24 01:07:56,976 - sign_login - INFO - Request Url：
https://operation-center-develop.eddid.com.cn:1443/sign/login
2022-03-24 01:07:56,976 - sign_login - INFO - Request Body：
{
    "area":"+86",
    "host":"operation-center-web-sz-develop.eddid.com.cn",
    "phone":"17722527464",
    "sms":"666666"
}
2022-03-24 01:07:56,976 - sign_login - INFO - Request Header：
{
    "Content-Type":"application/json; charset=UTF-8"
}
2022-03-24 01:16:11,452 - sign_login - INFO - Request Url：
https://operation-center-develop.eddid.com.cn:1443/sign/login
2022-03-24 01:16:11,453 - sign_login - INFO - Request Body：
{
    "area":"+86",
    "host":"operation-center-web-sz-develop.eddid.com.cn",
    "phone":"17722527464",
    "sms":"666666"
}
2022-03-24 01:16:11,453 - sign_login - INFO - Request Header：
{
    "Content-Type":"application/json; charset=UTF-8"
}
2022-03-24 01:16:15,711 - sign_login - INFO - 获取 [token] 成功：
eyJraWQiOiJDSElOQSIsInR5cCI6IkpXVCIsImFsZyI6IkhTMjU2In0.eyJzdWIiOiJVOTQ3NDA2NDE4NTQyOTAwIiwiaXNzIjoiRWRkaWRJc3N1ZXIiLCJuYW1lIjoiMTc3MjI1Mjc0NjQiLCJleHAiOjE2NDgwODQ1NzR9.FM31pHqeNDb74kclBHvqZbcd6jzVTZLMTW3iTt1OJzk
2022-03-24 01:44:25,813 - sign_login - INFO - Request Url：
https://operation-center-develop.eddid.com.cn:1443/sign/login
2022-03-24 01:44:25,813 - sign_login - INFO - Request Body：
{
    "area":"+86",
    "host":"operation-center-web-sz-develop.eddid.com.cn",
    "phone":"17722527464",
    "sms":"666666"
}
2022-03-24 01:44:25,813 - sign_login - INFO - Request Header：
{
    "Content-Type":"application/json; charset=UTF-8"
}
2022-03-24 01:44:26,270 - sign_login - INFO - 获取 [token] 成功：
eyJraWQiOiJDSElOQSIsInR5cCI6IkpXVCIsImFsZyI6IkhTMjU2In0.eyJzdWIiOiJVOTQ3NDA2NDE4NTQyOTAwIiwiaXNzIjoiRWRkaWRJc3N1ZXIiLCJuYW1lIjoiMTc3MjI1Mjc0NjQiLCJleHAiOjE2NDgwODYyNjV9.H6nSZZpai-loBv2o3EW1lngnG1UKzqQDOOkB_23D1gM
2022-03-24 01:45:43,636 - sign_login - INFO - Request Url：
https://operation-center-develop.eddid.com.cn:1443/sign/login
2022-03-24 01:45:43,636 - sign_login - INFO - Request Body：
{
    "area":"+86",
    "host":"operation-center-web-sz-develop.eddid.com.cn",
    "phone":"17722527464",
    "sms":"666666"
}
2022-03-24 01:45:43,636 - sign_login - INFO - Request Header：
{
    "Content-Type":"application/json; charset=UTF-8"
}
2022-03-24 01:45:43,734 - sign_login - INFO - 获取 [token] 成功：
eyJraWQiOiJDSElOQSIsInR5cCI6IkpXVCIsImFsZyI6IkhTMjU2In0.eyJzdWIiOiJVOTQ3NDA2NDE4NTQyOTAwIiwiaXNzIjoiRWRkaWRJc3N1ZXIiLCJuYW1lIjoiMTc3MjI1Mjc0NjQiLCJleHAiOjE2NDgwODYzNDJ9.pKj5ZTSmYJCBeKy12kbZsjFnOni6coC9_S94Zm6yNHw
2022-03-24 01:57:52,807 - sign_login - INFO - Request Url：
https://operation-center-develop.eddid.com.cn:1443/sign/login
2022-03-24 01:57:52,807 - sign_login - INFO - Request Body：
{
    "area":"+86",
    "host":"operation-center-web-sz-develop.eddid.com.cn",
    "phone":"17722527464",
    "sms":"666666"
}
2022-03-24 01:57:52,807 - sign_login - INFO - Request Header：
{
    "Content-Type":"application/json; charset=UTF-8"
}
2022-03-24 01:57:52,902 - sign_login - INFO - 获取 [token] 成功：
eyJraWQiOiJDSElOQSIsInR5cCI6IkpXVCIsImFsZyI6IkhTMjU2In0.eyJzdWIiOiJVOTQ3NDA2NDE4NTQyOTAwIiwiaXNzIjoiRWRkaWRJc3N1ZXIiLCJuYW1lIjoiMTc3MjI1Mjc0NjQiLCJleHAiOjE2NDgwODcwNzF9.2USDqX2Tk2xw9CaNWITfHxxeoM3H6RU_JIz975k64-Y
2022-03-24 01:59:13,653 - sign_login - INFO - Request Url：
https://operation-center-develop.eddid.com.cn:1443/sign/login
2022-03-24 01:59:13,653 - sign_login - INFO - Request Body：
{
    "area":"+86",
    "host":"operation-center-web-sz-develop.eddid.com.cn",
    "phone":"17722527464",
    "sms":"666666"
}
2022-03-24 01:59:13,653 - sign_login - INFO - Request Header：
{
    "Content-Type":"application/json; charset=UTF-8"
}
2022-03-24 01:59:13,776 - sign_login - INFO - 获取 [token] 成功：
eyJraWQiOiJDSElOQSIsInR5cCI6IkpXVCIsImFsZyI6IkhTMjU2In0.eyJzdWIiOiJVOTQ3NDA2NDE4NTQyOTAwIiwiaXNzIjoiRWRkaWRJc3N1ZXIiLCJuYW1lIjoiMTc3MjI1Mjc0NjQiLCJleHAiOjE2NDgwODcxNTJ9.fHKE8n5SobFy_HqqN_yNB1djh5P4ccQiJx4YLyV85Ow
2022-03-24 02:02:14,990 - sign_login - INFO - Request Url：
https://operation-center-develop.eddid.com.cn:1443/sign/login
2022-03-24 02:02:14,990 - sign_login - INFO - Request Body：
{
    "area":"+86",
    "host":"operation-center-web-sz-develop.eddid.com.cn",
    "phone":"17722527464",
    "sms":"666666"
}
2022-03-24 02:02:14,990 - sign_login - INFO - Request Header：
{
    "Content-Type":"application/json; charset=UTF-8"
}
2022-03-24 02:02:15,100 - sign_login - INFO - 获取 [token] 成功：
eyJraWQiOiJDSElOQSIsInR5cCI6IkpXVCIsImFsZyI6IkhTMjU2In0.eyJzdWIiOiJVOTQ3NDA2NDE4NTQyOTAwIiwiaXNzIjoiRWRkaWRJc3N1ZXIiLCJuYW1lIjoiMTc3MjI1Mjc0NjQiLCJleHAiOjE2NDgwODczMzN9.0mPoaPV1pMc7hyPUx11cDQ3xr1FKNdFhsD3ZQl82Occ
2022-03-24 02:04:59,565 - sign_login - INFO - Request Url：
https://operation-center-develop.eddid.com.cn:1443/sign/login
2022-03-24 02:04:59,565 - sign_login - INFO - Request Body：
{
    "area":"+86",
    "host":"operation-center-web-sz-develop.eddid.com.cn",
    "phone":"17722527464",
    "sms":"666666"
}
2022-03-24 02:04:59,565 - sign_login - INFO - Request Header：
{
    "Content-Type":"application/json; charset=UTF-8"
}
2022-03-24 02:04:59,650 - sign_login - INFO - 获取 [token] 成功：
eyJraWQiOiJDSElOQSIsInR5cCI6IkpXVCIsImFsZyI6IkhTMjU2In0.eyJzdWIiOiJVOTQ3NDA2NDE4NTQyOTAwIiwiaXNzIjoiRWRkaWRJc3N1ZXIiLCJuYW1lIjoiMTc3MjI1Mjc0NjQiLCJleHAiOjE2NDgwODc0OTh9.OVUqdYDrcxM0lwyQUT13aBrj5j-vJYku0LUVwpaT2ck
2022-03-24 02:06:34,870 - sign_login - INFO - Request Url：
https://operation-center-develop.eddid.com.cn:1443/sign/login
2022-03-24 02:06:34,870 - sign_login - INFO - Request Body：
{
    "area":"+86",
    "host":"operation-center-web-sz-develop.eddid.com.cn",
    "phone":"17722527464",
    "sms":"666666"
}
2022-03-24 02:06:34,870 - sign_login - INFO - Request Header：
{
    "Content-Type":"application/json; charset=UTF-8"
}
2022-03-24 02:06:34,956 - sign_login - INFO - 获取 [token] 成功：
eyJraWQiOiJDSElOQSIsInR5cCI6IkpXVCIsImFsZyI6IkhTMjU2In0.eyJzdWIiOiJVOTQ3NDA2NDE4NTQyOTAwIiwiaXNzIjoiRWRkaWRJc3N1ZXIiLCJuYW1lIjoiMTc3MjI1Mjc0NjQiLCJleHAiOjE2NDgwODc1OTN9.dEy8gW-hFkqmHUB7VMsI9lwbp_F8roby147FB5NXPSo
2022-03-24 02:07:59,156 - sign_login - INFO - Request Url：
https://operation-center-develop.eddid.com.cn:1443/sign/login
2022-03-24 02:07:59,156 - sign_login - INFO - Request Body：
{
    "area":"+86",
    "host":"operation-center-web-sz-develop.eddid.com.cn",
    "phone":"17722527464",
    "sms":"666666"
}
2022-03-24 02:07:59,156 - sign_login - INFO - Request Header：
{
    "Content-Type":"application/json; charset=UTF-8"
}
2022-03-24 02:07:59,282 - sign_login - INFO - 获取 [token] 成功：
eyJraWQiOiJDSElOQSIsInR5cCI6IkpXVCIsImFsZyI6IkhTMjU2In0.eyJzdWIiOiJVOTQ3NDA2NDE4NTQyOTAwIiwiaXNzIjoiRWRkaWRJc3N1ZXIiLCJuYW1lIjoiMTc3MjI1Mjc0NjQiLCJleHAiOjE2NDgwODc2Nzh9.ynyKtSjpy9m5fs1U6VACCgmoU0hpu8cGJF8fBD5M2Bg
2022-03-24 02:11:01,610 - sign_login - INFO - Request Url：
https://operation-center-develop.eddid.com.cn:1443/sign/login
2022-03-24 02:11:01,610 - sign_login - INFO - Request Body：
{
    "area":"+86",
    "host":"operation-center-web-sz-develop.eddid.com.cn",
    "phone":"17722527464",
    "sms":"666666"
}
2022-03-24 02:11:01,610 - sign_login - INFO - Request Header：
{
    "Content-Type":"application/json; charset=UTF-8"
}
2022-03-24 02:11:01,701 - sign_login - INFO - 获取 [token] 成功：
eyJraWQiOiJDSElOQSIsInR5cCI6IkpXVCIsImFsZyI6IkhTMjU2In0.eyJzdWIiOiJVOTQ3NDA2NDE4NTQyOTAwIiwiaXNzIjoiRWRkaWRJc3N1ZXIiLCJuYW1lIjoiMTc3MjI1Mjc0NjQiLCJleHAiOjE2NDgwODc4NjB9.HVdxg4Btndy7BcugsCy5nRFV5VAzc18ff3VGG1LAlts
